CLIENT_HANDSHAKE_TRAFFIC_SECRET d70b69cfa31d45e9fe5df789aba53307f55bcdaebf0be298b144aace16fa68af c2a5b37b32db251eed3d9d3d52f44e7e842d33182a9ed047d1b648577f95dd3ddcabb937fd7a32334c0fe16b83dd2c12
SERVER_HANDSHAKE_TRAFFIC_SECRET d70b69cfa31d45e9fe5df789aba53307f55bcdaebf0be298b144aace16fa68af 62ca36250410cbcbdf7bcd94fd8b6cddc7817ec9945bf64f1b90f2353d37aa9d84dc446604c900b948e2bbebf0701c35
CLIENT_HANDSHAKE_TRAFFIC_SECRET 2fad3b1cc718fc7721c1025fe59e5307d35487d31c646e4b395c98d4b5987f65 f5d7741935e20df4bef1f3c0adf0ddda1ab1008b6e2eb7c1b2617268d72362b1950787f2500f84ac8ba88ee7ce749f7a
SERVER_HANDSHAKE_TRAFFIC_SECRET 2fad3b1cc718fc7721c1025fe59e5307d35487d31c646e4b395c98d4b5987f65 32532fb07088e686005e34122f47028aa5113b3083c97a0589d05dc199e4f1ad4bb1132d864fb9c093983b6aa04d0ba8
CLIENT_HANDSHAKE_TRAFFIC_SECRET 933b7b184b74260c565efe4e6ce215f9db146120a8e75c35a2f95080e075d6df 75551edd9ea1a2af5426800b06e35e6e2404e075e99f1ae1f598c08eb958b23ea53b3323ad98b3b9e44c62f1517be0a7
SERVER_HANDSHAKE_TRAFFIC_SECRET 933b7b184b74260c565efe4e6ce215f9db146120a8e75c35a2f95080e075d6df 583acb42173248a0db6edf053223e655894027ee70448ab5141559190ace8b967755498ac0a4489716dd36b00e8dc66e
CLIENT_TRAFFIC_SECRET_0 933b7b184b74260c565efe4e6ce215f9db146120a8e75c35a2f95080e075d6df cad1a25a2881b735d9905d43d0162150da1ea01f5edd42126a9603caf562c1e5b729b25cec2c2da3cc50364511e10d66
SERVER_TRAFFIC_SECRET_0 933b7b184b74260c565efe4e6ce215f9db146120a8e75c35a2f95080e075d6df 6077e128562a13465c7b3b8c8dc0ea7c129cc6e0904e8e1b595e6219c6e93543bf1d51b85f29e822ecd48de8b24842fa
EXPORTER_SECRET 933b7b184b74260c565efe4e6ce215f9db146120a8e75c35a2f95080e075d6df 2c50b297a106ce6cf84e6e78d07f0ee8014672be790eca8fc4c86d0dbb0e6994299049f966b1baf68d3b097536c46fa5
CLIENT_HANDSHAKE_TRAFFIC_SECRET 23556088a55174c9580e36d1ce539ce3aef7b266ec7bfd6b240c001d4f8e45a0 080a69b768c5b9ef7061a217ea3b29dc1b26cde876f29e2bacde9f9c168b04be7a62f18dac9773da4af08a43882b38e1
SERVER_HANDSHAKE_TRAFFIC_SECRET 23556088a55174c9580e36d1ce539ce3aef7b266ec7bfd6b240c001d4f8e45a0 56b6639d64ad311ae949a89f1fa33329a0b84542abb6253b7ca71ab79b3cc4284a1421d4fedc3826fd25504e0e0aef79
CLIENT_HANDSHAKE_TRAFFIC_SECRET 32c4ad2073aabc0486717f751451f70f9667caddee7f6b2851098dcead089f85 d01a67d02042b1a767691c07c17084c3704f4551d0b4abae1b6c4ab6a569eba6dfe27ad8ea055b1e5f52d99aadc62e60
SERVER_HANDSHAKE_TRAFFIC_SECRET 32c4ad2073aabc0486717f751451f70f9667caddee7f6b2851098dcead089f85 6877667a5c80cfc6283f002485957c4f3bcb981c30c95eb8821dfec0a709ec160b8b9e57ef21a856a3b5848fdd96a219
CLIENT_TRAFFIC_SECRET_0 32c4ad2073aabc0486717f751451f70f9667caddee7f6b2851098dcead089f85 38727d0f00b46d25f1b9162cdc9f99c6ae22d24a67dbb819049a152595cc9656d202c86e2f2c200a7601a200d5f5a270
SERVER_TRAFFIC_SECRET_0 32c4ad2073aabc0486717f751451f70f9667caddee7f6b2851098dcead089f85 b183700f2ae19e2a800f74f5236ba77a56283536c416c0c9b499fcf291ff5f068772c7c980d73de606c9ca871cbff860
EXPORTER_SECRET 32c4ad2073aabc0486717f751451f70f9667caddee7f6b2851098dcead089f85 5ff4487e9c73f8dc67072efae5eb29ac214e4e1da16fce9f7eef168ce5e6a4a7f5eeb19b6559b73420cbbb7318446140
CLIENT_HANDSHAKE_TRAFFIC_SECRET dda5e589057372f5ef08b86e47bdd2e2357287dc03dacb7ec232f31253366fe2 4e69238862791e4e4eba3ce9ab76abe79dd36a0ebd0723b9d4b5a5f74d0b81feee43b55ea90e61427cfd5121ce253056
SERVER_HANDSHAKE_TRAFFIC_SECRET dda5e589057372f5ef08b86e47bdd2e2357287dc03dacb7ec232f31253366fe2 f1846c976e196ab8d771ae4008dc4f12d7a1d9ff0b77c9597d33a64834cb65bf053a8c9ef85ade3ba3e280f4f17fe227
CLIENT_HANDSHAKE_TRAFFIC_SECRET d009718d52bd69fbe0d5ca4a9cd1a9970ebe778e3f8ceef130faf750360513f0 dfadbc93963a56a5855b352f2dbd65ef84f6996626df47e87ebf9d05ee41a9e208a5d18f0244e615c1518973f4732735
SERVER_HANDSHAKE_TRAFFIC_SECRET d009718d52bd69fbe0d5ca4a9cd1a9970ebe778e3f8ceef130faf750360513f0 17cbc9e6ac441be532389ed03d159da2f88d72f2172c0b16301af494946d101c65d75ecf488c7dd92f60c4a2ab9aadc5
CLIENT_HANDSHAKE_TRAFFIC_SECRET c3212bf2c1b528d66bdea024f346b19e377f1b479cf46263d4a53f81b9a1da42 db7c2edfc1b2e152856d69c2c845ebb1b05afa01c3780143573d6ed7d8a04f4fde2702d5ffa3e6a26e70342bfcd15034
SERVER_HANDSHAKE_TRAFFIC_SECRET c3212bf2c1b528d66bdea024f346b19e377f1b479cf46263d4a53f81b9a1da42 de79e0aac201fc0457287dc30645f2bd87388937e4b2c7b4624aefa7e0a9121d3b28cf1ddc42edae2f1722a53b520d34
CLIENT_TRAFFIC_SECRET_0 c3212bf2c1b528d66bdea024f346b19e377f1b479cf46263d4a53f81b9a1da42 6dfd23aaaf50004593d855dd536f433d6ef417cb6cf7b49342f86062e20bd443c99375235308d515e781ad3172ccde6d
SERVER_TRAFFIC_SECRET_0 c3212bf2c1b528d66bdea024f346b19e377f1b479cf46263d4a53f81b9a1da42 9a833aaf2959bde1e317c4cdc40e4d4f7fd9e7b6be982a1bad2688793b13e8bf9e305fbc0e3ad14cea0230c4c45ae432
EXPORTER_SECRET c3212bf2c1b528d66bdea024f346b19e377f1b479cf46263d4a53f81b9a1da42 052bc9381be1924131567f7042e8075b10dd0c26ed33d14c172d12337b1a757345873cad46fd26e6751b00a1dd3125d4
