key=2938AFAFF7652EE0A1F48B51F51FC53500CDAD657CE79DC98BA94131B4F71446
iv =D7492372E885B79D275E8B697A26B076
key=2CC9E163BDE92C3F20467B39C13F46337B11193F2095020BD26A05469105E3F9
iv =1A0050F0618A1B4024290EB73E9419D3
key=7F27939B9D5A1659C78FF148115738BAD4C104F6D77E833258A7645F1CD9E279
iv =3CC668A944D454CC9C0EE9460AA5FCDB
key=E150C02340B8D1E3E69293474F7F5C95A3330138418835B3D12206BB1C26020D
iv =AF8F07F096F068784AF45026C3BC4DD7
key=7EB38C8EBF959715F03C8AA0BCD27862E5436B2BF86893BF3027E22D6A636F30
iv =BC50E30DBE1FBC8806406C0976C1D705
key=0F3B161675424C46B2C7881ADBF4FE0168ADFEB9F7D8FD56B00393D3EF06E379
iv =A01DCF9C173E40D8E7DAD835ED1A4283
key=645841202E0293D94DD82F4FC9A6DC8F57A16599FB7CC5FCE57BA766B323ADB9
iv =3B363A9A4A33A5F99C16533C173CE7D7
key=0B68FB6B69254D1BB63A3E627E27F0669677486E4D3867AB6F27A4DB2FBF7AEC
iv =0DF42E697234C52424724DFD2CAAF1F5
key=DBCF1B4CC6533508065B61EED509F03028C6F19D84460E37CF7F9765CCB47BFA
iv =1CADDD1A231D7A9F51FE616B05915BCE
key=97CA698649B98243E67C986ECF13EAEF9712A47C56535A77327506ECCF28F94F
iv =A5CC8B45C25ADE6BB95EF6715D646A8B
