2020-07-10 05:56:43.958979-04:00
salt=007FD96452560000
key=09C588E2BF4DEFEE63DD509492568693B31A0F640E93C431FA1126E00973C267
iv =3B1DD3C2651E03C8D9E96128A86C4197

2020-07-10 05:56:49.958375-04:00
salt=00FFAB0D70550000
key=A8BCC27BBFEA965D3940B1C975ADB7C493F193523D9641C2037DACFA88B75261
iv =B6AF3A9C12574901C2FEF78C4AC3A01E

2020-07-10 05:56:55.952670-04:00
salt=005F903884550000
key=3EA13C619C3ACF31696D4BA239F69467025A1D41A16E45E103791E5ED5E65904
iv =EF2780362201651CB33D341D9D4E0440

2020-07-10 05:57:01.957387-04:00
salt=00AF1BF757550000
key=7E4895073AAEBE95F1050C6BC310080ED9392DE28080A9145C839A712B842681
iv =6BC935E096C752BC634458C8193CB836

2020-07-10 05:57:07.956429-04:00
salt=001F5CCD60550000
key=8B6035E3210D4DBB79EF1B16234CB017461C43F994E350D77A191C78FDCD204E
iv =B31190ECA49E9DBF4A1BF62328123676

2020-07-10 05:57:13.955884-04:00
salt=00DFE5E358550000
key=64FF238B4546292B4CD9A7B84BE44485DDFE31C1A0A761BF95F2AF5FFEE11019
iv =F992F253A7156C609FE3A0ECF6939DF7

2020-07-10 05:57:19.956184-04:00
salt=003F9899FD550000
key=BDC65FF39E7CEC798EF0AAE6D33AC6F7357A2E7FA62070EB5BAE4243F1BA329D
iv =5393A56CD219EEE3ED940CAEF4D7C607

2020-07-10 05:57:25.956953-04:00
salt=00DF8CDDA3550000
key=6AFE7FAD4AE2360F8284A851C54076ED215E4AC1004FE9942E224D7654F42406
iv =F227FE8A078CDF2DD8941B48DCA3D1E3

2020-07-10 05:57:31.955773-04:00
salt=00AF596BD3550000
key=AF53F50E12A8C5C56E2B4F1EFCA67C89D5CC6E4FE28CB5BB09880561CEA6C592
iv =39CBDE040D001165F1FAF749DBFEDD52

2020-07-10 05:57:37.956613-04:00
salt=004FC5C74A560000
key=8B560DAA126B7E63E9954DEA2214274FBE6E3F429680122D97BDD0BE69D3A898
iv =E6A8DE0D4C69A723CF32BE70A82EE8D3

2020-07-10 05:57:43.956713-04:00
salt=00CFBC3FF5550000
key=7EB3D0B2FF715717E0C80C5A5E9F93BFB5246C08AA7EC9E471A2C2F84F97D81F
iv =1D2302E56C8D1709EB1A7DD07739B865

2020-07-10 05:57:50.955660-04:00
salt=000F2EA851560000
key=6315BADD4553D82D7D965389D119EA2E557E49D349170D7F370A33B5B02B2296
iv =9527190FA7C4C315F04BAC370A54AD7B

2020-07-10 05:57:56.957161-04:00
salt=00BFF32EC5550000
key=AC7E2A988BA6A657D91C999A2C082483EC10CB99FE7E2D9A918E1F928B4FDBD0
iv =B898669A62D5540BD8B5295E9CD444F3

2020-07-10 05:58:02.956056-04:00
salt=002F044ACB550000
key=5349D3E82303CCAD4070F3486DAFDE68745A38325E3A8AFE39F812548A8E2A46
iv =9D8BF87B8677D908C61262237531F599

2020-07-10 05:58:08.956597-04:00
salt=009F207F21560000
key=141EBD497932528235EA3E7A16339EBC8B41417AA6526BF412EC4C413C8B8090
iv =4E4E2B53F4BB1FDB1F394A9370B68408

2020-07-10 05:58:14.955808-04:00
salt=003F2F0AFF550000
key=D2ABCB445C0F49ED0672B370A34F0C681297E9965D44FB552EA39486C8030F68
iv =89A6956F8BE9D35293B87F8D79866B8E

2020-07-10 05:58:20.957093-04:00
salt=008F50BE98550000
key=4EB735A753D6EA3E9AED45CEF5E0307B7BD683A9EB5AD57FFD26B7EA13CDFC75
iv =6A9DC4C371FBAA803E518A2D2D8E7ECA

2020-07-10 05:58:26.956330-04:00
salt=00CF1E2966550000
key=D8684877B164C95E9F4D6125C4867FEE24F518367F504C997CAE72563FC4F80F
iv =7AF09A1F50D54C9C59AE518B7D31DF48

2020-07-10 05:58:32.956324-04:00
salt=002F9BE77C550000
key=444C5E318D8476DEBD8C6FBEF77FC40ECCEFD1481122EA3D5358752FE0878B2D
iv =E9AC909AD11ACEB55620F5EE443D5746

2020-07-10 05:58:38.957449-04:00
salt=00BF35A939560000
key=E55D1960D162D6CACAEF73B7162656B03646F797306B38C67675D90F606B2C0C
iv =A9EE1FEFBDEF038134132F887365108A

2020-07-10 05:58:44.956264-04:00
salt=00BFFE2A01560000
key=F12F7AE5D645448FAF9E7730C529C7210E7DEED821902F668808E7EE62D4DD7F
iv =D2F7D7DCEAD500793382001FFE5E2AEA

2020-07-10 05:58:50.956135-04:00
salt=00BF48DFF1550000
key=7D6673B23821713BC5C5E696CB63820008E0530F68FD24DD3D7BBA1EC94E5B7C
iv =FD0D85DBEDCF4D6A2E7344DA227BB557

2020-07-10 05:58:56.956669-04:00
salt=008F3824D7550000
key=E3D01E92C5BC0A5DA0D71B69D4C86ADBB4F0F8ED263074A89DF95F7BDA880D14
iv =1F210FE556C47B5C0B8C36FDF7DACAA9

2020-07-10 05:59:02.955744-04:00
salt=009F1B2791550000
key=1370E29A8D827325E5B2A17B7E729AFE7C0314F87308BD5AA599864F76867F55
iv =F8F7517DF2369C943C529C711F37CD6D

2020-07-10 05:59:09.957788-04:00
salt=003F5C3399550000
key=D1EDF0860F6F66A202156B3157F32CE103CF5044CED48FF31A0A239FA86F1E9A
iv =43BC8DFF53F5A9279ACC3FC47D504D06

2020-07-10 05:59:15.956996-04:00
salt=00AF4E6C08560000
key=3B6B6904BF792D39704BE7FEAE1DCDE7E79D5E5EE3A145CE5AA09F3C654BC721
iv =EEEB06B023E590273215930DE0349D4B

2020-07-10 05:59:21.958718-04:00
salt=006F2E1E62550000
key=2EA78E574E07D49A761B64737DB90DF5730F8DD87CD8803999DC1A75BD7781C3
iv =C7DD508E4F53BB763A3D20120AEA9334

2020-07-10 05:59:27.957015-04:00
salt=00BF869B7F550000
key=419A632B91E3B2BF3FB49FB5BAECBE782714406751BE8B4E33A9FC64656FCBC3
iv =7A08F1EE2E03CD997287054A8DE06132

2020-07-10 05:59:33.958003-04:00
salt=001FE8455A550000
key=287383F9FA7460171FE7BA6D80DDCC7DEE73C7C1658E4ED34C1B5C291FE499AA
iv =5B9B669B423EC5D96623148ADCAFD6C0

2020-07-10 05:59:39.957511-04:00
salt=003F6DB882550000
key=6B919B2FD2D7BD099D5E5AF69FBC884C7DB73B367AF962052FE42FB03704323F
iv =DD0DCD00086A013B3FB13F2C8F42FD8B

2020-07-10 05:59:45.956855-04:00
salt=00BF0C2098550000
key=68705C8DF13331BD99146A61BF55263D4E1140428B25743F1A0580F710B9C4FC
iv =4B8D790177C75354AC2C6BB6A82CBEC7

2020-07-10 05:59:51.958883-04:00
salt=006F730D62550000
key=D33223126D22713A2BB59D17F2F570922F861B81BD315656D05273DD441C601F
iv =EF243EE36793C46E9A83B77B072DF397

2020-07-10 05:59:57.955531-04:00
salt=002F8C0AAB550000
key=FC0A52CD820BDEEC8725D89592E09EB08FA25782DFB7B6A2DE3C1D71B2BEF3CC
iv =95D924298BE3EC97FB2085A479BF8511

2020-07-10 06:00:03.956732-04:00
salt=00AF6822FF550000
key=9A2959B662D3311BC040BD80F3C63FAB371907327708D5ABD1B2F376E68CA9EF
iv =CBDC0468CD53044D56ABA2DECC02B7F1

2020-07-10 06:00:09.957123-04:00
salt=00FF0AD437560000
key=8B27CDEE3D31133AF34E32F44186F168ED202E57D6A86D7E2E9FD16D2C17A502
iv =F92B54790C3EEEC911FF79CBDB874464

2020-07-10 06:00:15.957058-04:00
salt=00FF39FA56550000
key=5E0B9F8ED4383D8D5A7B7D8520DC1E675A3B867DF18F40527076C3B1DE0E79D9
iv =7EA8D1141B9DA2C32A5793C96E7F6280

2020-07-10 06:00:21.957101-04:00
salt=006F39B1DE550000
key=94EBCE9EE187AEA843EB258C3B3982F3699AE68BADA913E494710A64CFDAA3FA
iv =9BC3CB144B44C1B23F744D292C0C58DC

2020-07-10 06:00:27.957067-04:00
salt=000F9C9B44560000
key=577B3F92C1A80D7E0D0A56F187DE3926B6DE36B4E762CCE012907761CB03DCFD
iv =C306F4270843E12B11CB5F15F51784EA

2020-07-10 06:00:33.957449-04:00
salt=00EF4F93C5550000
key=960CD9A52CDD93352E5BE71326641FCB00EE50CFC07CF139428E337D92C73C80
iv =AEE284B1E7E5A7A8E0A1F9D28306C6D1

2020-07-10 06:00:40.956394-04:00
salt=00BFE12A52560000
key=208A9F7278F7F18F5F1C8D8D4D910A687DE36D3ABFE74D0C6257D57B973F3F54
iv =93B79176D15227FACFCB820F539245C2

2020-07-10 06:00:46.958086-04:00
salt=00EFE816B8550000
key=63A1C5D5D785F3DC79510F825CDE35D6B66589EE1CDC50A8B058E51E8F8F7535
iv =61E7E53C05E0C545F1CA1BF21B3FCD6F

2020-07-10 06:00:52.957079-04:00
salt=00CFFA6400560000
key=3F9098F69D49D130A0A13DFDADC1CC239FDB09C9D249EDFA8E628D5446FAF047
iv =A257A63AF61C2CEA288D8EAB1CD2013F

2020-07-10 06:00:58.944786-04:00
salt=007FF196FC550000
key=9D6D76D3DFDC7537FA6E9217BBD8DC1FDB86D66CCC788E2297D9BF3E8F22D3B8
iv =1C11A0F57E666D9DF28017184CA73B8F

2020-07-10 06:01:04.957973-04:00
salt=00CFC3F7E8550000
key=754B5919261BE154CB662D8FEEBB6F50717EF2F9C16E9BBA8D977CC6862D6FBF
iv =73BBF6CD8FBE8C0FA85C192C7DBE94D8

2020-07-10 06:01:10.957911-04:00
salt=006FA04CD4550000
key=7F5E44A0B4981DCBAC1AA8114AA8C9E840805DC67B8A4DD72263D8E4DCF9B00C
iv =15B059B90F0B4840EDC56D75AE3F7905

2020-07-10 06:01:16.950481-04:00
salt=002F7F99E2550000
key=C6AE8A0CEEBAF1FF21851BCB7214F4ACC1B3928AF71117DF5FDAA0ECBED52692
iv =C334101A85333E51932E7F86B95FD451

2020-07-10 06:01:22.956731-04:00
salt=00FFFF224F560000
key=E98F60A879ACB64530AFAB271A7307AAECCC50F34A246BDBC9F1C2C5C7612577
iv =5672B61FB2D7B5A264A6BEC91C988E56

2020-07-10 06:01:28.957075-04:00
salt=004FF790DA550000
key=21DE843BFF2F1F06092208F672CCA2A584CFED4DC258182A1FA5C4F4148255E7
iv =319D5F807635C0F0E73ED427FD6C8A8D

2020-07-10 06:01:34.958103-04:00
salt=00DFF60F61550000
key=1C950F977FF1924493BFA093D160F8F5FBE59227CB73959BC5B54DCB69836D67
iv =1C85834465C7D04A2675B42E1C2460F0

2020-07-10 06:01:40.957536-04:00
salt=007F8B9D00560000
key=294510794A24932C9BF1A78D9400C5A67DA31DCAA97726222A16FC57E897EF2A
iv =79F59DCCCD97F0D3C693A26F62E44794

2020-07-10 06:01:46.956327-04:00
salt=00DF5D95C0550000
key=12822C14DA8F512B55410A0E6269B8BCA86DA2419788B234A4FCA6213CCDD1FA
iv =7B5DD7E1B471E008863A861A8A5088D8

2020-07-10 06:01:52.957067-04:00
salt=006F9A0B60550000
key=07125F2FDDAAC34A7A5F98FA7308400B7065CBCB27314687F67F5BFE9EC995E1
iv =E5D8169C942FEF1D03643D904A19DD16

2020-07-10 06:01:59.957830-04:00
salt=00FFBAD0CB550000
key=A8E3C63CE90263928DBF5D7259772471F77A928C84B0F073F81D3B9B6FB8A0C0
iv =ABC7A5AEB230ACD3934A750DBF7CCA61

2020-07-10 06:02:05.957001-04:00
salt=008FA6300A560000
key=8064C90A2B0859F2BDD2E59DF77EE697D4E85C4D2820CE4AE583C48E676740CE
iv =9A5D870C170BCA06D3077A0E0E9BE6D9

2020-07-10 06:02:11.958289-04:00
salt=006F2B6665550000
key=4062A70B9528366FF449594C6CEEB24C5A5CFD7FED6A221A429DB6965E2A12B3
iv =5B3728DF92C9AA45A7A4F972C968836A

2020-07-10 06:02:17.957376-04:00
salt=009F9CD95C550000
key=A0C9D77B552DFA44C07D1985612D1321E380D7C97C76D072B2D1530DC09BAD44
iv =E7D5FDC8EC06423F5E5FA98A3BB6EA4B

2020-07-10 06:02:23.957860-04:00
salt=004F9877ED550000
key=5645C598D56787342B8AEADAFD29D36E226BBF76BE5319C6E28C5F79C5D6C40D
iv =7A0326991D145E67543BA260FBE3F687

2020-07-10 06:02:29.957047-04:00
salt=00AF554A0F560000
key=84D4983B5DE4F5C2CAF1B61C2E22EBD0A908A30018EA89EEFCAE0B0800C82532
iv =184A31AF0138AC33DBDC80BCE2F5E1F5

2020-07-10 06:02:35.957096-04:00
salt=007F3D23CA550000
key=8F7AA8ACDA40FB0E5B2FC4511A587ABF703EC844859A82707DB13B9637602749
iv =BAF6A36B6D0F8FB1CBEBABC4876DF777

2020-07-10 06:02:41.956894-04:00
salt=002FC5A3E4550000
key=AD435E949FD625FA9790A961B201E259B45D85010EFE1BCF54A2CB2CF8EB8262
iv =E08D0D6EB691006F786CFF7B32D5DC2D

2020-07-10 06:02:47.955571-04:00
salt=00EFBD541D560000
key=97414EA70B868DAC09D55CA3C2A48532A195DA1F95D3B6E211557A158DC1CAB7
iv =F69B5CE7F18448E6096CC12A02124631

2020-07-10 06:02:53.956353-04:00
salt=003FF8CD14560000
key=97B1D0A730F03C925CEDFB7ED352552AFFA9414A1791E50585FD2602FBEB1F8B
iv =4B691EDD394141CC798DB29EC25C8954

2020-07-10 06:02:59.949174-04:00
salt=003F81C8AC550000
key=BFD239A6E8039F849606994C042AE6CE1C9F52F92F34416DB5C2532ABB30D545
iv =F3B4CE658C700154E1F4D58B7598FB04

2020-07-10 06:03:05.956437-04:00
salt=006FC41A19560000
key=F6C600D2092C0EE564D162FA042646A169C4A68A23F391107DCCA10007FC1145
iv =A8A466E96B27DE31ABCA73509DE3B05D

2020-07-10 06:03:11.955870-04:00
salt=007F85795C550000
key=7F5F6FFD158D1DEA2BD45EA446850736EF0D327E6E780FF2A009AF3264E46C58
iv =A03F5FA9A390FEEC793AFD91E13BA520

2020-07-10 06:03:17.957401-04:00
salt=00DF1DA59E550000
key=71BD4F348A2E71ECCDA9E5ACA181B424BCC9AE2FC22ADA164B99D931D5A23637
iv =0602212DD84AEC9B68C27803EE071183

2020-07-10 06:03:23.956818-04:00
salt=00BFD4F7E9550000
key=83D65CEDA35B7A8A6F53EEA43F992C588C67FDFAB46545826B391EBA67C3B1FB
iv =797040D81659E5AAFCDE4B1DC185D798

2020-07-10 06:03:30.956915-04:00
salt=005F5D4AD0550000
key=36289DBF0CA935D36E31092F4D5E42DCB4DC0BFFE8BCEDE31F2E8B6D80AB193E
iv =31A640FED33B787FFF7DB6A2E08A8CCC

2020-07-10 06:03:36.957153-04:00
salt=001FAAC240560000
key=34DC2F1C3EA49E951F9B1F89FC4AD1EFE066C5E6D996DE1724E145A9E72241CB
iv =889D8CC2828AD2A189BB0F2AC818B293

2020-07-10 06:03:42.956931-04:00
salt=004F49FD11560000
key=BFB67CAB7A98981423FD22015EC36C340BBF62194AF5295D03B7C51C4ECBDC50
iv =B46B9097BFCEAD9E076CC0467D1D1BA2

2020-07-10 06:03:48.956408-04:00
salt=002F9BE213560000
key=9B4419A31FA451DF1595CD252BC2A28A13DF3A18551FC80E0089320B583C258B
iv =8D9E4FD2AFEBBBB52F3FD8EC13647EA0

2020-07-10 06:03:54.958594-04:00
salt=005F92D5A7550000
key=DFB881AD57518FB027F198CEB32D56DE446E196B810BF7ECC9923FC853CD8F45
iv =E6D10E98AF3E94E34EE6E21C821465A0

2020-07-10 06:04:00.958386-04:00
salt=00FF3C5951560000
key=A2A6B35C8EA40FD35A9EF85DB645FBD173FCA2FA4F4A3738E9306831D14137FD
iv =8EEFA9065043C67535B5D2E44F3F684A

2020-07-10 06:04:06.957226-04:00
salt=008F087BC0550000
key=B3BC60BEE040414E47DA49D604216536081429D6C147FCBC10A8E7426D9D2EF3
iv =779A50CFBEF86819BBAA10088C7D44FF

2020-07-10 06:04:12.956181-04:00
salt=00CF480D39560000
key=73BA0FF4911BE4F56C81C252AE99F2FCD4190AFE196C413B0211F9F5003F0331
iv =25BDCF9C0CC11075041E7387907E8D9F

2020-07-10 06:04:18.958173-04:00
salt=002FF4EF58550000
key=AD44DBBC4DDDF0622F26DE7F9259207666FA240D19ADAC485AD110D8464DB1AD
iv =F5D928C25E8121A685CD1B5AB9CC58CA

2020-07-10 06:04:24.957426-04:00
salt=006F83B48F550000
key=7C124A1C745105EFD6EBE99FA77BE1D93F760E7FC97DC6D5876406CBC423D09F
iv =FC480E6BD60F7E0C79B24EA56004B292

2020-07-10 06:04:30.957460-04:00
salt=003F8CC40B560000
key=A4697E9A0FB93BB08BA47B776F7FEE7E4E90919D485C7BA6B19750D5153D2F93
iv =C4AAE7999AAFC6027A43BF36B7FF9077

2020-07-10 06:04:36.958118-04:00
salt=00DFCB60DA550000
key=5E3A3E3275C80300E8459A5495395E747F90D210B9CD7593A63B43C028552217
iv =82F5410DD21B84DA9031F7897342CA1E

2020-07-10 06:04:42.957423-04:00
salt=00FF7B801B560000
key=8E6ADE5CD617775119A9608065999C79FC41805AE8A37201BE267B33274824F9
iv =045D47A09044B030B47D7EF53B02E878

2020-07-10 06:04:48.958086-04:00
salt=006F508C4A560000
key=625065D9129F909DFA06DA0E28B1C83DB73E466BEF09DEC1D9C91F9DAC652D6E
iv =25B89ED90C1364479284D8537ADCF71A

2020-07-10 06:04:54.957177-04:00
salt=00AF7E3668550000
key=2F23242BFCB5085C2897D0CCC9E048C92F9AAD804C2BCA0FDD36D84934077E27
iv =B6A44DB30FAF8F8B946CF2E61905B496

2020-07-10 06:05:01.957188-04:00
salt=009F3F059B550000
key=8C16518A41D20509D4380A9AF67F0540E524578A150D93D8E86DE9A4DC4B6B14
iv =F139AFE8CB1E75721770BD742936705B

2020-07-10 06:05:07.957347-04:00
salt=003F9949B6550000
key=459D8D7E071EBAFFA8228D933D156DD9FC0730C6892D645BCB42F43BBDD1F405
iv =2862DC8E5006197696C869BF5A0CFFC2

2020-07-10 06:05:13.957684-04:00
salt=004F55EDE5550000
key=001ED343248477CFEF30CE64CBA7F8F0D91C3AFCB7C31B83C5AB6E9664A1E335
iv =D5D338F903465041890C5C13F128CA8C

2020-07-10 06:05:19.956705-04:00
salt=00EFB3292D560000
key=4EC83BF91886503FFC7042CE066CE2FBEB89F5B0576C1E5F226F7F6FBAD8F7B7
iv =5F37CF53D1E90B1A3A6A985F81B9ED5B

2020-07-10 06:05:25.957504-04:00
salt=001F21C38F550000
key=155A3F3FD13DD2B0DBC629902A3640F166FD2D0827E57A77555D52E43D4800F0
iv =BBB3F6BF8AC3AD6DF488DD7B44B739A4

2020-07-10 06:05:31.956604-04:00
salt=007FC1C39A550000
key=1479491C7947BEE8AEC96FB46AC62C7A8B18BB54B82C84CCA524B19621C94A12
iv =70208C64C3FCB2263DAA63374CEFBBC3

2020-07-10 06:05:37.958634-04:00
salt=001FE029B4550000
key=4D84365D981CDAE257B8A60CA333376797E09F5DF6617DE10FD938A2B24ED4A7
iv =EEDB7B84F55E6D17749D439657FD59DB

2020-07-10 06:05:43.956534-04:00
salt=008F91E79A550000
key=0C4F2FBF6E40EEFDA46E57402C814CE98F2D5FA4548E901CD3FDC54B459CDA1A
iv =4988C71C5550067A554598937A5139EB

2020-07-10 06:05:49.957037-04:00
salt=006FF7399B550000
key=2C618949903BE8B4428EAEB4D096CC56C19564BC9D2BF05E060161352A98610D
iv =F797DEA07C35E49956B6CF19630BA547

2020-07-10 06:05:55.956539-04:00
salt=00FF1E082F560000
key=CE10D55335851219ECAB9CFCDFD1FFAA42D9A0298D30FB943E79C0E2A1289C80
iv =8A927759A050A2CA269EA341D35BB446

2020-07-10 06:06:01.957299-04:00
salt=008FF2C251560000
key=4F96D4151DFC08ACEF728013998A8378A8BB1D3756B24F02BD4B414F79160AD8
iv =FEC3346756D597627A516A200A8C41A7

2020-07-10 06:06:07.957603-04:00
salt=00CFC4C54E560000
key=34189CF500F52AE90A7F926C37B36B5EA554EA8F721A9A9CF485BA66868553C9
iv =1FD8A63AEAC47BDA137817670B9ED26A

2020-07-10 06:06:13.958710-04:00
salt=00EF3ACF89550000
key=9415A48D1840F4C79A224B8A1E8005DAE06FA3275EF9A93912D97606E0AF1B51
iv =A53302FB4CE8177D380A5B7B1064BBA4

2020-07-10 06:06:19.955746-04:00
salt=00EF7E7C3C560000
key=3F884D744DA30A02C5F851AEEE5986510F3046CC04F540BE0D5889EE3F726084
iv =728D9B7417EEEF34EFA1241A699A7E9A

2020-07-10 06:06:25.956167-04:00
salt=00AF091BBE550000
key=D72BB2B518103D0C2F22A120D697161656D3D090204032C05230A3F4E7EDBAAE
iv =BD465E99018325B620AC7C319265F63D

2020-07-10 06:06:32.957668-04:00
salt=005FA87A63550000
key=1A967BC78EC6F959162DFD2B6EE7B9B1D9373416D983BF6D66DC949172FDAB29
iv =536A975121382FA36E3B980BB93FA217

2020-07-10 06:06:38.956602-04:00
salt=00DFA13F7C550000
key=7041BC38B07A495C10360F4A9757F06EB5C2A1DE366AF021E111F83E601897C2
iv =114F8FDF943DA60DA628C0BEFA9E6C84

2020-07-10 06:06:44.956942-04:00
salt=00DF559D96550000
key=F16BFBF62C0C7AB78659394C0D0FDEF684D3F2F63748453656E456FCE4E4B3CA
iv =0935ED2A4D51795509D54CB9FD7B44D8

2020-07-10 06:06:50.957568-04:00
salt=00FF473C21560000
key=87F639441B1CE1C824E758946A7A0FF3102877332CD6A3E5B56F49CC610D5B5E
iv =D68090FE052E4511559F579097ECE103

2020-07-10 06:06:56.956411-04:00
salt=000FA5A4D5550000
key=92F3FB6B10ED192175953594E456464067EE989EDBD7D078631F285054EE9A0E
iv =D4122DB717293307118144FDEA5A5B33

2020-07-10 06:07:02.956720-04:00
salt=003FC5B9B6550000
key=2EADCB2A98714B975A45D4A19D88AB7D731FBC5EAC9E25B80B9DBB4FBDE862FD
iv =3F72D32779CD0B0C45ECBD758B39DC80

2020-07-10 06:07:08.956108-04:00
salt=00DFDE8CFA550000
key=F034F871BD805C583C8CA6B2C218650367D797086A1278AAB99DD75ACD5DE271
iv =3C818061DC6482B5FF78D6036D521532

2020-07-10 06:07:14.957220-04:00
salt=002F30258C550000
key=D1E37AFC0AF67150BDE253721931D9AFA792DF806FE9968A84B94B5CBB59A69B
iv =F12C19F2CF7EA2E8E68B560FBE2F0C7C

2020-07-10 06:07:20.957377-04:00
salt=00AFA415BC550000
key=1A40E8AC45C5FD8DFF78B89AAB209FADC10FB11F9596D2E409E7E98F405CFC1E
iv =D194EF08A5E7DBED3BC8D768A15DA2CE

2020-07-10 06:07:26.956019-04:00
salt=007FD00755560000
key=24AD12EDB1F5BC7653B6F309536F5F85FC73A268CDA7DC31DA2B5DF42D43CF7C
iv =C2F8EE92FF420DB35B7501DA47E6DB23

2020-07-10 06:07:32.955986-04:00
salt=008F0A00D1550000
key=91BEBB1410DA332B5591A7A31525BA0DE29D5EC8FC2559FD80017997308D5BBD
iv =6CA7224DCB74F2D344F119BA7F691410

2020-07-10 06:07:38.956705-04:00
salt=00FF60BF65550000
key=9F96149A12DFA5BCAF2E75FC959D8BAA9A76B15F906CAC9AA2EB10D93E0F853D
iv =7AACBBEA05B54B131EDB80EB1ED8F3E7

2020-07-10 06:07:44.956745-04:00
salt=00FFF2BB1F560000
key=BC1DEF7F15D618393990C56E2521F1BE733F53CBC00C2AE217163CAC1322D1BC
iv =7E635D061FED8CB6F8B1C0660AEBEE13

2020-07-10 06:07:50.956208-04:00
salt=00BF674771550000
key=5D8452FBBE18F270CA4A0C80D7D640ABD530D2D661B5EA3D3AF3BEA2686BE552
iv =37431191F3BDF72E1BDD99EDDD1C2B05

2020-07-10 06:07:57.956712-04:00
salt=009FB119D5550000
key=2A017C69C1300239A55603C6E7341EDD5F10EE5B01AE473BA000000000000000
iv =8E19340ED6E2E63899C7228372D4CAFD

2020-07-10 06:08:03.956238-04:00
salt=004F48953B560000
key=A21E56293C9470D11C59583713DA238EE964261BD2ACA57D313457F1AD0853C8
iv =61E7AFFC3A947C2BA33DF28378BC5B03

2020-07-10 06:08:09.956086-04:00
salt=007FA1F0D0550000
key=B19C4763E19B2335FDE9E62ECC4DE3D379F27AF91DD60D6B93DF6FBE400F732F
iv =EAACAA53674F099DAC73B37FE6BE856A

2020-07-10 06:08:15.956934-04:00
salt=000FC03FB3550000
key=46D6C2269572E297F2F1E8B812C4F6AB1F30161ED7B8B6BF1FA11D086A5AF29E
iv =BA0596E95E3F5A620EEEC816FCA85D70

2020-07-10 06:08:21.955717-04:00
salt=001F0F9726560000
key=629A9CE4C8BDF2E1DC851A89D7D8A145772853796334F01BE6C49FB67EA5BF03
iv =103B58F03EAAFD11A75E373FDA149C80

2020-07-10 06:08:27.958127-04:00
salt=00EF5747FF550000
key=B058E0FBAF663C2F4304779820D2F12AB37DC22CBC71F87CFFE7EED672DD7659
iv =27253B04E01E77D0B2C0F10CEB41B790

2020-07-10 06:08:33.956319-04:00
salt=003F1ECAF5550000
key=F8FAE819FD8EEC7CD716F3C31E1CDA3146824BE731DA83772300DB338A881CAB
iv =A8B8AAC07F2D9C31A1255282CBC8D272

2020-07-10 06:08:39.956772-04:00
salt=00BF3C79DC550000
key=E173BE410BD7B9282C3C943746827F80B1506EF72D12CA8776B5EB3EF734010B
iv =B5DB8F3F8E9D4A570FB384FF7765B698

2020-07-10 06:08:45.956702-04:00
salt=001FF80ABD550000
key=909C5962F62569CC83F268CB14F9BB6266EEDB1DA4999E7CFDE581B657B19158
iv =DCA09028650D45D41D11CC738EBF5C8D

2020-07-10 06:08:51.955488-04:00
salt=00EF20E706560000
key=998F53E1369E5C1B632B953D5272B2E08DA0A56AA0D6EA9A19FAF40FA1A8745B
iv =3FEF2A21782AA1AFED97AB71397A2E5E

2020-07-10 06:08:57.953851-04:00
salt=00BF87BA2A560000
key=0D108B87E78C7859C4BBF7EACE4B9F983B5F19DC417636F139CC24EF5750E46E
iv =2FF0AC8A44EAD328E5EAAA9A3281BAB9

2020-07-10 06:09:03.957695-04:00
salt=008FCD4943560000
key=CE0140D4BEA2D88C07BC3DDB541A58712766B644249FADE96E6D8BACA67F9DF5
iv =0FF0DA33C0881E490DF18F5AF78B2F1E

2020-07-10 06:09:09.955458-04:00
salt=009F80F13E560000
key=07186D2201B813C43F61894FFF70754AE3ABF58E250C8D4D34722F21C45653EC
iv =D62F2B56AB2E2CBBB7A8B022F471A94F

2020-07-10 06:09:16.957531-04:00
salt=000F2E75FC550000
key=B3B04B45B903D61A2A16481FDFDC2B14F273940734CD564B06504173C0BB32BD
iv =466D752310AD94B9F27C607F6E98A385

2020-07-10 06:09:22.956432-04:00
salt=00AFAF7940560000
key=FA48743AD1297437E91AEACD56ED99FA780A02096CABA0E2828E08EE9F0FD942
iv =D9E03CE474A890E35C96FB87743F430C

2020-07-10 06:09:28.956585-04:00
salt=00CF306060550000
key=5AAD68708A525FAD59802EBC04681D138D7E4BE4E1F682FE4E5EBCC000000000
iv =618E854E9AFE954201882590752BF890

2020-07-10 06:09:34.957161-04:00
salt=00DFA74FC4550000
key=257F8B066C46BDEFF10A15D4CDCC9BBF43CF519B51A5CD119221940F31B9855E
iv =7FCEEF6BE1D3BEA4BC55488598E4EF00

2020-07-10 06:09:40.956950-04:00
salt=001F413BA6550000
key=30F8A1048E4CDAE2DB50C33B32D9BE8C7A3A0DE3727F2D15203F09632A25A3CC
iv =0AD1EC0A5EAC962BC90D3BDF83CBADA0

2020-07-10 06:09:46.955832-04:00
salt=00EF67650C560000
key=C49BB8700092BF6DCFA5F410C39292734175D320BD87E0F23C5F433CAED9D1AC
iv =9CC62ACF3B5C28087D9CE63088CEB855

2020-07-10 06:09:52.956918-04:00
salt=008F0064EE550000
key=9879AD34D0ADC6511360BCAEBF44010B71D7BB31E4AE2605B5FAE92208499014
iv =EADC25ABBE520DBC5DF573178A978621

2020-07-10 06:09:58.956003-04:00
salt=002F505B2B560000
key=554D5890B567565B415EF8C9E4F6E3249B369EC2483E5AF72039DF3F08C346E0
iv =369C0E2516C2694B0799ADD82593F729

2020-07-10 06:10:04.956664-04:00
salt=00EFF5188A550000
key=4073DAF44D7763460CBB278C246CACEEF9DD0D78C33B393902241879A708286B
iv =5885DDD081144CFE663116411D1D7E03

2020-07-10 06:10:10.956890-04:00
salt=005F0E697F550000
key=6921FC69C9B20CE2F820DE7A20312FBA06F036EE6B9281EEB4746E898913FF6B
iv =24595A0471F6BE0CCF8EC40DB054DF05

2020-07-10 06:10:16.956928-04:00
salt=00FFA23867550000
key=527976233C96A48C92034DB6A8F333FAC4EDBA55889DEAEE157BAA1682F8CB52
iv =D2476F8C1C4BE94679733F55FB010C84

2020-07-10 06:10:22.956354-04:00
salt=009FF8AC71550000
key=65DD392CA32F63E02FC1F613949C5F0D8177EC79DA2D98199D79A94A4C5BBFCA
iv =489306309D74D27CE0A9E52896E5B3A6

2020-07-10 06:10:28.956143-04:00
salt=00AF79E3E0550000
key=29E91AEEA333F7F0464CC71E2E32A8294DE4DAE43314BB6F6D09ECFF3B2EE4E9
iv =E5020692A662FEFAC055BD8F8707D570

2020-07-10 06:10:35.957069-04:00
salt=009F56EF96550000
key=13172DA5F854CF4969375C7E424BD58F8018626CF1EA3F634C217594A1339E36
iv =9569D74771F782A7FFFA4D5814151590

2020-07-10 06:10:41.957371-04:00
salt=00CFCACC1F560000
key=AB7D51F848A6181281A0CE58F3597903353CE5F154A43115B2AE8015729E8C5F
iv =3DC0032545B9F14DFA4D5B394C18D7E9

2020-07-10 06:10:47.957569-04:00
salt=002FBF188C550000
key=98D6596D769000C0919ABB292AA67F067B07E993182E37EEDEFE14CB0DBEF386
iv =88EA5FEB886E0D6F216A50B243CAF4D7

2020-07-10 06:10:53.956017-04:00
salt=007F39D24F560000
key=50001A9CBF7CA453D9416BEC9348336710EA83E1DEB54FA66FC42CB61DB84C71
iv =1F4653E1B4FEB4ACD9734E915B63749A

2020-07-10 06:10:59.958111-04:00
salt=00AF44563A560000
key=0143ABB73650F8B4CDFB1C0266CA1C11FE77B6ACC046AA47E66A13142E06665A
iv =2490419B6791AF4B2766D8E1D0BCAE3F

2020-07-10 06:11:05.957928-04:00
salt=00AF477DAC550000
key=7AA6BF1EB771BBFBE4971C115C9F47C322D6898098E39F502B551AF15BEDFF5A
iv =00195355588FC47CFD40722FAA21AA72

2020-07-10 06:11:11.956608-04:00
salt=005F41F734560000
key=CCD72A797A65A1A4803A1F0AE91F37340D62BCE2B877B3F73AEF3FE20B748AEE
iv =4FD0BD93EABB6D44E8AF029C4A5689DC

2020-07-10 06:11:17.955924-04:00
salt=006FBFB983550000
key=CB3F26F7981E5043E0C0C5FB985A2F04FDA98B3A7814CE028A7274D5200C8EB4
iv =4F2519CE5B3E3C06C25A9E0B95EE4862

2020-07-10 06:11:23.957290-04:00
salt=00BF2E5C43560000
key=9DCA29C3D600B3FCA8B5AC26BA618E8E3F104416715AF7BB05DAA34A70E2DB99
iv =9C6C037D6C9832FDFFD8136D9E66EE40

2020-07-10 06:11:29.958678-04:00
salt=00AF113B3D560000
key=A390438DBDA743B03BBDF5F29D85E8FFF5657900C3CFEF5D58C9E4A24450EFF1
iv =F46D6EEB0284E4A332072FF73F2A5EBF

2020-07-10 06:11:35.956206-04:00
salt=00BF72757C550000
key=4FBBDBA9BC5E4E96D6381CC168F3EA0B8F20A309DCDCF5985BBB0E2CD32E4510
iv =ABF769F7EF25FADB651E26A7F9000BDE

2020-07-10 06:11:41.956823-04:00
salt=002FCFBC2F560000
key=E6930029F4C86258E64B77E291A96E07FBE357251E805B5B2F17A27DE0D562A7
iv =164560CF4B11B11DC26AEEF805937D56

2020-07-10 06:11:47.957123-04:00
salt=002F44E3D4550000
key=6E2C2C6A055B110CB114B7A754413FC9B3857A597623FC93CBB739D3EFA94582
iv =404E333DE2B278C306DE7FD1326545BD

2020-07-10 06:11:53.957468-04:00
salt=009FCD02E7550000
key=F9576A576B25FB77F700ABED0833C30F491998E00BD43E9D6B92BCE889283A25
iv =28E2E08AD79FA04FC388B5F1BED4EE09

2020-07-10 06:11:59.958515-04:00
salt=00DF05A22A560000
key=6D661560637EE1E23956C7D7A79166695D6D2D9B596D63FE5E40DBC5FE2661BE
iv =8BFD8FAE978D3329267ABA291B981786

2020-07-10 06:12:06.956446-04:00
salt=00EFB944D6550000
key=D24A7C5F438ABE8B90EE00553AE3B268BAD9ABB8372793EB8D43CB186086657A
iv =BBF6E3927F8A7CABE182D353989859FF

2020-07-10 06:12:12.957004-04:00
salt=009FB6A02B560000
key=C2234D4DF1134903969CF73748C56BE6F7B0245E97B2F421D3829180B8EEB4FB
iv =3E7EF09326D68CBEA8322B25BFF7D24B

2020-07-10 06:12:18.957085-04:00
salt=00DFC7D2B5550000
key=472D33083E6B8E2CBC18FD964B6AC521446654827B963D671B7E91375C9A9CE9
iv =8C8814E7763105BF9BEEEC7A9F025ECD

2020-07-10 06:12:24.956216-04:00
salt=007F93466F550000
key=4A31826528BE0E766CEC265EC3C80969DE0E77E0252A976C34AA97CD02C39C81
iv =0E6FB6C8C12D65E5632963D6B756BA59

2020-07-10 06:12:30.955652-04:00
salt=00EF021DCF550000
key=4DCA287B5C29F6F9AAF91614C9E32F54E4401C557195C08E2D8D550B9494B8DF
iv =793F4E2CC14331498A5546246FA5A825

2020-07-10 06:12:36.956278-04:00
salt=00BF9DF8B5550000
key=961962D58D3E277B92938DF77E56A0BDF7347086292179FB3357A85704476854
iv =150A4FE571B526815DB758F9D3BF282F

2020-07-10 06:12:42.957571-04:00
salt=00FFC08A9F550000
key=6AA34EAB0EA4868A13F206BA2BCD7C101E0665811F005305850D8ECB460E07CC
iv =FF8BBC375A49CD1B59114EDE50503FCB

2020-07-10 06:12:48.956556-04:00
salt=00BF8245AA550000
key=FB49F4C895B511CC5B5B31BBCB7FBE39A3A518397AEDA7AFB4B4CF9481141EC7
iv =EA6D651A8EB4F5D466349BB1165B8241

2020-07-10 06:12:54.956739-04:00
salt=004FBCF40F560000
key=E7BA3A9DF74DEE8BDE4F37085493387007A41E1CBCE21D11F47A9A3DCC255DD5
iv =47A7EA38D05B7764AF6933E686A6A980

2020-07-10 06:13:00.957398-04:00
salt=009FEA42F6550000
key=53EC045F899CE282C89B56EB34A8339B3BBBB5CC5019410B9AC356B2387D2091
iv =9E0516BA890A2E78B714385FD82627EC

2020-07-10 06:13:06.956326-04:00
salt=007FA5977E550000
key=B82AA28536312AA7960D8891CA1596B9AB4CE95774A0FFCC263DF19975C84127
iv =1C009795F64A1D33E7A1D9082FA334CA

2020-07-10 06:13:12.955020-04:00
salt=00EF123B71550000
key=F5254BC3C4AB7401D5C8FDDF5F9CB78D3965478B4A54BD62BBBBE7A5CD114F1E
iv =8CBA755F934A5FACC2DF26785FAA1ABB

2020-07-10 06:13:19.955977-04:00
salt=00DFE797AD550000
key=CF2E71A24DD30F56AC68638286966709842FA68051963106029D9EAC57C63ABC
iv =15DB1DD0DB781CCC54BCEFBFB89B1DF7

2020-07-10 06:13:25.955913-04:00
salt=007FF8C302560000
key=E2012BE4470AD23DD261548B846E781860504DFE1E317797973495022026B9C7
iv =AF74F401964C4B84FB474A0073687FD4

2020-07-10 06:13:31.957565-04:00
salt=001FE0CE50560000
key=974D77571069C493071A6788968BF308FC572A1DD2F1061E8C1CF015DD04FA92
iv =E69B95A113A845D9099C98DE77FFA34A

2020-07-10 06:13:37.958073-04:00
salt=009FE67939560000
key=717DD0957A110824D458952C55AA1B7C8C279E44FB3787A10361922A0885FA58
iv =892A9127C6A21A0AE4EFDE628D0C80A1

2020-07-10 06:13:43.956243-04:00
salt=00AF96249C550000
key=07CA8733BAB035A28DA6D487247CF93D4736FF87EA8F8814BABF68CAEA303EEF
iv =A29C42B590E9D872E92978743D329C67

2020-07-10 06:13:49.956669-04:00
salt=003F7CB707560000
key=A05A7C72E8C948C0D70286ECEFFC2E1471070ACF9A69B8323CEC5563C088F32A
iv =AC72164CC2ABAA8E1D30D472CD6EBCA3

2020-07-10 06:13:55.955859-04:00
salt=006FD48E31560000
key=96E4899E35FF337E4038F9621ECE72F9EA1FC1B2C4D439EC77724A12F691A83B
iv =9388EACBD36ACC5AC6A40719CC90379B

2020-07-10 06:14:01.955628-04:00
salt=00CFC90BBD550000
key=5CCD818E43DC1D24D7BCEAAF86DC6B3A60B80BECA8E4760CA216024C1E671EFC
iv =B28D7067AC8C46AA76BC3FB67FB7A134

2020-07-10 06:14:07.954670-04:00
salt=003FEF29F3550000
key=798F64101899F6899C3731023D27336926854DAA27CD6BF437FD2F843F27AFED
iv =6563EE55ED0F467A55344A2320EA69A3

2020-07-10 06:14:13.956715-04:00
salt=007FCA74B0550000
key=5A5657148D6CAAD2AA830822FCA9285A83E909FBDEBD1A05F30B713318B47416
iv =9313A6CECD74ED2E6F71A38ADF3BBC2E

2020-07-10 06:14:19.957074-04:00
salt=00BF4A75EA550000
key=910E4E441DCC808B75EB2335BB95EFBE56E7D6ACEFE1BB7C6615054052244D62
iv =D70602D4D47F26B89D110E6A6153D755

2020-07-10 06:14:25.955555-04:00
salt=008FF80F8A550000
key=919010C60DC98A75EB201C4AC7C147D67F1FC5F3C3132460FA252B3670D5C844
iv =2888C5A80E3371A07CBD9472EA62CF69

2020-07-10 06:14:31.956734-04:00
salt=00AFA9D343560000
key=80EEB450A3CB8CC296ACD93CC5F645CC50A51187CDED78013C98A06281DE59C4
iv =F8BAF3142EE1099159F3AABD9F40E85B

2020-07-10 06:14:37.956167-04:00
salt=00FF310147560000
key=4D2F61BF0E7A733CC454C3CD56133B72A6AAAA0EDE1F5F6825F3330000000000
iv =04D2D08F18D7BB616007C20209AA375C

2020-07-10 06:14:44.955936-04:00
salt=003F7D45F6550000
key=732F639CC9E5CCDDE2B68D948D6E0734721FEB51E2D28B41D411D53EF58DC810
iv =54619724B100FB0A7C7861C623A925B7

2020-07-10 06:14:50.957925-04:00
salt=003F5374BF550000
key=51D58A502BEA33889F018ABFA5EA1A3E2BD076CA56240B60F7495B691D0D813F
iv =8FC98B849548ED9FC08F70F4BE0CADFD

2020-07-10 06:14:56.956485-04:00
salt=003F8A6804560000
key=75D51B2AF68CDC41743281288D06D679ADC01B5C1131DE084DF85E346E39DEAA
iv =55A81466E1DC0CBBAA7D850215F9491A

2020-07-10 06:15:02.956991-04:00
salt=007F05358E550000
key=32532B40F8BCD1CB9A78DBB0DF71709C70A8CE0BC1B226A29E698FC6F1DF16AE
iv =A9EBC2648680EB1FBF3B72917EBBA30D

2020-07-10 06:15:08.956888-04:00
salt=005FEB9979550000
key=F2F42FE0A30265F20B424B929584D333DB4ECE25C41452DA8FDA305AF1164500
iv =1A8CD6A9D7D8DF0C77338ACEB2CE2E9E

2020-07-10 06:15:14.956300-04:00
salt=00FF2D96D5550000
key=38E5E73AB91EBCBD4AEB9483B0BEB1D8D5A8257FB7619E349C1C2F5491091F2B
iv =13FE30271BF5E73FCC96F4246142BFB8

2020-07-10 06:15:20.957060-04:00
salt=00BF773742560000
key=A4A310819F408D0F35114253844C71C9488115623BF0E6AE228BDFA2B6E6DACD
iv =FA62B57C10FCEA8742E36CEC417DB6ED

2020-07-10 06:15:26.956348-04:00
salt=001F3489B6550000
key=85DFF941D4F519680E14F6272E165A0A008A53905271D340757DC79FD9BDD2F5
iv =8D05D59E7248F790E69970AD9FB9756E

2020-07-10 06:15:32.956801-04:00
salt=009FE26B2F560000
key=CC656D1A397226B533270719BC74C4DB5142CDAC0CACEA1D951B1EDBBD55CB13
iv =54A759DBF3A61164EDA7F2DF18256FDE

2020-07-10 06:15:38.956955-04:00
salt=003F1025A5550000
key=A9B2E7F889A53B0E961B493DC35F6E76C7C01BC6D6D30E74DE5F6F9B11E11811
iv =4CEE5B106A1AEB471B87065422ED84B4

2020-07-10 06:15:44.956235-04:00
salt=007F49296D550000
key=A5E557BD459D5C07D3B98185F7F2FF413CE025162B52AA824D8FA60C303F7020
iv =2057818368BC2E4FA7DC06EF813EEA3F

2020-07-10 06:15:50.956650-04:00
salt=00DF1E54A5550000
key=BB5CDF31ABDACB945F3B7BF9DEF338779C7D31023807C61DC8F498259CB99ECB
iv =FC2C1C9EA9C48EAAA0021530C6B4A089

2020-07-10 06:15:56.957800-04:00
salt=009F07A1D4550000
key=0A8FE909459592C83B7A36F2CFEDA3088EFE5C18676AB349A4561B58AE2D6F9D
iv =BCECFF2D3CDE5C8B0F05D3F5BF388E49

2020-07-10 06:16:02.956953-04:00
salt=00AF09B1CE550000
key=017E9DC2C75D063F7CF50BC294162FD072F5D5C21699299C52D3741112362FD5
iv =F98158B4D3DEF4FDB07CE086DCC2161D

2020-07-10 06:16:09.956475-04:00
salt=00DF145495550000
key=B30CAD8ABACBC69198EF1F03290795AF08260F17D5BC617861E12F3DB68B7DDB
iv =92E3B18EFE225A0A4FA6F685D85C8FB0

2020-07-10 06:16:15.956632-04:00
salt=003FA45965550000
key=FBE91F821F71BFF75C3BD853149D9050B7E120DDC145444A7354CD91E32DCABB
iv =EF7DAC5B225560E4632221519104D17B

2020-07-10 06:16:21.956677-04:00
salt=001F7E9327560000
key=A2740A3646FBE407B50A49E46A1997948E99D45DC4DC4E100000000000000000
iv =5C61DDA7F2194F836F50D793B3A60AAA

2020-07-10 06:16:27.956443-04:00
salt=004FA2F970550000
key=8A22F977746728796C8AA72422F2C6E456CB425EBB2D60632E16963AEE63F189
iv =D4054741FC1B644C8A22EEC91C532227

2020-07-10 06:16:33.956570-04:00
salt=000F7AC9E2550000
key=8264E1A8BE8D2B5DB853BE2CD4C059243996ED165D8466FDDE6A36629DC11B7C
iv =B5528954630525C0CD562F9427D51A0D

2020-07-10 06:16:39.956003-04:00
salt=007F0EDA9F550000
key=46C6D72FFAC36FAC2D062F0CA23B1E84C5E31F1EE4B17BBABAA2AD522CA14ADE
iv =CE53F90898E785E4618677895C4D7EBA

2020-07-10 06:16:45.958438-04:00
salt=000FE9FB42560000
key=AC5179E7ABD78683E381B0F600EEA55FC0EBBD20221D07A68BE89BADF7FB0A31
iv =A45D52E467C99D10A8DF6ED92751A08B

2020-07-10 06:16:51.958238-04:00
salt=002F4AA373550000
key=5CBC18137CFC3FE34A616718C1F9A0992598D1F6A0F67AE6C1867F869A60E734
iv =E7B777007D4D1EBC7FAA2224766528F4

2020-07-10 06:16:57.957973-04:00
salt=002F175B98550000
key=B731260AF28296201BCE001DC978784EF2FDFB3FFB4EA9CECB5DFF3F183455C1
iv =3607F5CF1F5FE19FED6242BDE27BFE1C

2020-07-10 06:17:03.958214-04:00
salt=004FD7D5DE550000
key=F1B2B6AC124FC2B25DF5697AC0BF98F54E014112278DCBE6144D58C55420CE11
iv =5A2113941112645AC487049A2C0BB335

2020-07-10 06:17:09.955549-04:00
salt=000F9D8CF9550000
key=772367FA5CBFDC324CBBCAA52E01A0A07BA74754EA7DA8EAA1F0111398FAE1AA
iv =C6778B20B9BF5F9F89BD8A1B6470C8E6

2020-07-10 06:17:15.956662-04:00
salt=006FF68A22560000
key=AD2A1D105875DE13221DF689E44DD6CBDBF32C123F93F48CD4079B0A831846EA
iv =8053DE6B84CC186CDE5ECC742242D0DA

2020-07-10 06:17:21.956513-04:00
salt=00CF285AE1550000
key=D3AAD2F7CD91CD3A7965EEF1D7A90AFDFE731947DFA14980C99B43423E652BB1
iv =72AAE94818A72B7556C47494D043E69E

2020-07-10 06:17:27.956157-04:00
salt=00FF88600C560000
key=A4AEAD327E2D7EA694A8534308BB3E4F57B8A0E35FDDF3B23D98C0AB76A06435
iv =CCA7188638E12061BF1A37A2F2032297

2020-07-10 06:17:34.955612-04:00
salt=008FA8F2F6550000
key=C36BD3050EA57F0B29892047DAEBE4864322EBEC6908B32C729961894DE765BC
iv =6933753E61F249CD1B2CEC6B50EB6A44

2020-07-10 06:17:40.956087-04:00
salt=00CF86986D550000
key=2FCC99F3C036F3EEFB7433CA1ED1DE6193895DC71B4C4A903C0A81AA666FD07F
iv =69A55CD5CAA5B04E9B2756E7BD0CBF3B

2020-07-10 06:17:46.956519-04:00
salt=00EF8ED3B6550000
key=82A3EDAC0EFC7A49231203B143AFA77C42454EE420BC7CC8E477D097CC30DBF8
iv =86ED708B2ECB259C6A0C42B1B1739B90

2020-07-10 06:17:52.956770-04:00
salt=001F719638560000
key=72F7B399663325693CB577372852C4003010045B7AACEC136BC67197B74F070F
iv =E3D14169D141338C1DC853C1262338E0

2020-07-10 06:17:58.956942-04:00
salt=009FD9AF77550000
key=3E8A7B12EFF4EF892CDE085C3F5E5CAF983AAB0B8514BC9A6FBE9735E049B306
iv =F11D012809FEE014D5DA70D15E20441A

2020-07-10 06:18:04.957212-04:00
salt=007F104470550000
key=36E94434BE63AE41A29066FB0754E7EC48A4D3D3DCADED6809493298E24C36F5
iv =18F2B9C450C4C1F73970D7385193AF93

2020-07-10 06:18:10.956993-04:00
salt=001F1ABCEE550000
key=6FE205DCB6EE11B4647954951508009EB1832F00000000000000000000000000
iv =83B9462880CC64A5703DE3190D6F08D3

2020-07-10 06:18:16.956405-04:00
salt=00EF0EF6D7550000
key=FEAC41C0892E62CDF5C753B7F266F9B4A9B87A9CFF68A3797A1B027F3067DB9A
iv =079D1496DF1D831D1D23D55ED876057F

2020-07-10 06:18:22.957573-04:00
salt=004FFF45FB550000
key=7C7CF5991601B4CC55056F8594707FE3E15A3A31A0556E9C876EA4C67803BA3F
iv =D148B5AEE01C3919F6917ED7069369A9

2020-07-10 06:18:28.956875-04:00
salt=000FCCD8F1550000
key=2A1495C8FEB6B7D418B2539CFF660F5E15284CFF06B858B95759CF6BF406B0A8
iv =E65F23CC01E6947B886C0F003A40C325

2020-07-10 06:18:34.955776-04:00
salt=003FFFE412560000
key=6BCB60098C1BDF4F7B2173BF8B2FC904C3818ED23A27DB8F47849F1EF7E3C31D
iv =144D161E1E7F1A607C9864761EDC746B

2020-07-10 06:18:40.956078-04:00
salt=002FB10B18560000
key=7D3BD7C2D39996B7873509E8B5256F0C0892BDE31645037323F2A4F57C7A0228
iv =3392C5BD3E6A06F229CA40221AE791B7

2020-07-10 06:18:46.956219-04:00
salt=008F104FE6550000
key=A3AC4F8B39E771D0EBF04423AF7A6FD5E3D3AE0FD15EFF55B3CF2ED7AE7769E9
iv =684A73E2D7F37C5B595D8923BD2BD1EA

2020-07-10 06:18:53.956641-04:00
salt=005F9FE0F6550000
key=25233042F97707221F9294EF4C0F02274874044603637AE712A89A9534A8ECBE
iv =05349430279C8ABAAA96D7AED518B102

2020-07-10 06:18:59.955840-04:00
salt=00BF0B5B69550000
key=D24342D764DA1662F0F789BD3988A65F9DCEAD469E422F783C11E4706037E003
iv =1A7B7C29B8B4BF2BDB61AF55AB46D1BD

2020-07-10 06:19:05.956931-04:00
salt=00DFF73DA9550000
key=D95546643F0D9142042F8AB780A960C524335F896615B1056B8B83A15BA50D71
iv =B71868153BBD130498829B36856C4F25

2020-07-10 06:19:11.957044-04:00
salt=00DF9FD726560000
key=9082690B2E13BCAB482BB39EED2E68AD4970C19B7235C7C98A60ED2B4B2D1114
iv =E6FA2F1F0E0E12AB26135D024CF6AFF0

2020-07-10 06:19:17.957884-04:00
salt=00AF3EBD8B550000
key=FC44A7E45814AFD050864722E31A5BAAC89804CFDD77C38E813EB58938535141
iv =5EACC8F3272AA4C0323CEC8A2E342B51

2020-07-10 06:19:23.957023-04:00
salt=008FD26719560000
key=C3BA40F7739A9A1765488E476378F52079EEA6BB866EDA814440BE0132CDAE50
iv =D0A9AA5BBE48984C1DDF96ACBD737E98

2020-07-10 06:19:29.956715-04:00
salt=009FCE0DA0550000
key=E829B7A82654491BEC2E200381F8475AA41F5E55A0BFA0C94BCED2F485C8BBA2
iv =D84CF47E2F6BE37466F9D2039DBEEEC5

2020-07-10 06:19:35.957053-04:00
salt=00AF5485BD550000
key=D2FFCB094D97E322E3C6E0CBD651ECB4378FB0E0A3C62A18493B4BDC80CCFBCC
iv =2F1396A65FE6462BAF1B820675CEEE63

2020-07-10 06:19:41.958165-04:00
salt=002FE9175B550000
key=C9BEA82BF5EC81F5E967FA1253E1BA77FE395AB66963EBA3894BD802211181C2
iv =AA4E29BDAE17C129017DD105D2F0A085

2020-07-10 06:19:47.957884-04:00
salt=004F26ECDE550000
key=2C0F85AFAB17DB2D37F10254F1636A822F5CCA9019FDEB880264D2688884AA30
iv =E0674293FE4F4CE499DD09518FD742AF

2020-07-10 06:19:53.957361-04:00
salt=000F278A6A550000
key=3D405A3E16EEE5672F738FCF252C5398065E68E7FC59A567DE07CD21312EA935
iv =969EC44963A9389DD3FE2D4F47723C50

2020-07-10 06:19:59.958221-04:00
salt=00CF5AEF7C550000
key=74DEDBF12DC25DD6E66FCA91C1DCC6EA5F8EE952EAC7B0B8FA0A614D69F9C4AA
iv =EB8252C4435849CB87F962F0F5DCF9FB

2020-07-10 06:20:05.958200-04:00
salt=00DF005513560000
key=5768945213BAE0990328029A01961C91B65BCB7541F3A1BFD3B5602FD579B564
iv =644E45D98B7FFD99307C9861E3360491

2020-07-10 06:20:11.956877-04:00
salt=002F9AFAF1550000
key=190A762F4CDA0E660F8B9F5CFDCFF7C79A7DFCDAAA1E690C12C2556117315FDD
iv =F5C5234999A3B570036457CF7FD2124B

2020-07-10 06:20:17.957015-04:00
salt=001FB6B093550000
key=0293131F2E0311AE663B720EDBFABB16E36E9E7F45BE148B81FB02372A510B62
iv =851B26A9374A8B2B6906F3C0AFDDE06C

2020-07-10 06:20:24.957808-04:00
salt=006FFAE608560000
key=AB975A60505E66822B4562573393194B1F14A9EE9BBE7B1B34CC152B05DFB65E
iv =E8F6AF21673FB5F79E3FE96AA3523EC0

2020-07-10 06:20:30.958828-04:00
salt=007FF2F780550000
key=8DC413C4D2FCC1AF72BC483A81A70E56D4C3C157B015B28522BC7C504222DA4D
iv =2626E2A02C59C326DB7E5F634500B841

2020-07-10 06:20:36.957492-04:00
salt=00FF056669550000
key=119740C00A5E6767F74ACF7AC132C65F5EC2604F9C0E87D56A92EE6A91B6076D
iv =384E28B78FCFD1664CB408ADD70AF9AF

2020-07-10 06:20:42.957793-04:00
salt=00EF7581E4550000
key=AC7BABABA98A04A7D003D1E5F2AE8B90F145FE83820AB73AF2BEDF33CC70C055
iv =EE23AC83064ECC1A6CE6DECDC761D0AB

2020-07-10 06:20:48.957601-04:00
salt=008F8AB975550000
key=52E8BD794413E28E714ED05D988F10590C32815524D2438C0F6FA5BEF24813E4
iv =D77641E21AF1169BEE556BD40587B491

2020-07-10 06:20:54.957357-04:00
salt=004F87A573550000
key=F59205D2CB8440AF10685A386B711FDBA5B9D360C9F3F5BB6B730B0588690589
iv =B757B2148A1526E1BFA9922FE3CD57C1

2020-07-10 06:21:00.957873-04:00
salt=003F699AA0550000
key=4F20D1701C6675E87C55FF5C7E7DCA56B895EC44E095121545188304CB438526
iv =9932B6644D43645A1A8458FDA0F91701

2020-07-10 06:21:06.956419-04:00
salt=005F594A05560000
key=0E302CF3AC829FF26DFB8470E40EF5EAA694BA8066D2599C14315AC71670873E
iv =436A0B2B0DEBA16ECBEA9694E112163C

2020-07-10 06:21:12.958324-04:00
salt=004F0BC6C5550000
key=5C0C2AED3559B56C879ADACC23F5DAB64D0CE402FCFBB74EEC3FBDD1266F22E2
iv =4FDB1B22E70EEE23D0D39452C5B55BA0

2020-07-10 06:21:18.958141-04:00
salt=000F222F99550000
key=147A05DE65F51819986480C75797085B92E86EC477F0E592033EB3E4F91B516D
iv =FCA076BD4F48DE22BB7C73AE1E3A991D

2020-07-10 06:21:24.957811-04:00
salt=009F504A47560000
key=72AF613397B1130C29F7478A36070E673DF64261EF7C283B5D237BE07EC042EE
iv =E2CECA9AC5033892645060B6AF2E41C3

2020-07-10 06:21:30.956853-04:00
salt=004F6B2377550000
key=2FE6E6CF3BDF5FB264E07B8087D91BA6EA6A96C466ACD36459379428749999F9
iv =A6AFC70B991A600AB72C04F86C2811A2

2020-07-10 06:21:36.956024-04:00
salt=00DF8C595D550000
key=E365BD3F242843DED553E13F41E369F8686FB942CC9074B70946C498B9B40BA9
iv =3CF54B8927E1D18297A18B53E43985FF

2020-07-10 06:21:42.956313-04:00
salt=00BF17ACC2550000
key=46A5326A36E3A0ABE0A2CC469D4436495CC72E32EB806EE1B752BE2DD4BB6C3A
iv =1A07BF3A13689E64EDD2C147B4168EA3

2020-07-10 06:21:49.954388-04:00
salt=002F43A578550000
key=D3D50FFB4742A207E4A1623531CCE5CD4B927DDE12AF3568041D2BCF3BF5C216
iv =526CEDE841A6C4C5F005B9A23A9B5FF6

2020-07-10 06:21:55.956469-04:00
salt=009FFCC2FA550000
key=D62991865B69A9450F75A5AED3F775FDD370D22F3F3EA46F734C0888D8DD0071
iv =E0462EAD83B70E9F6D37C1B9E57F9BA6

2020-07-10 06:22:01.956264-04:00
salt=00FF1CCDA5550000
key=5641CB503D7860B5A9EA29DA5774DB37797D0A379529F4EA70B512AFDD99B30F
iv =CA57F09AFD3A359FF92A760F91C9F552

2020-07-10 06:22:07.957663-04:00
salt=00DF3B7684550000
key=6CB7E73AB9B2EA01327B119234778D727D0E99FCA250002E06E5ADB18727D6FF
iv =CE8E9479EABDC6339640753C37FA1827

2020-07-10 06:22:13.956905-04:00
salt=008F5BA18F550000
key=E75B6AE875C23E92DDF734C106224EB6477D4703C8912D29991D56F796FD5C23
iv =F828535BF9C16A373C29E30A43A92C27

2020-07-10 06:22:19.955895-04:00
salt=006FD2C573550000
key=56CCB31D517EA853ABE2A599BFFE4DDD7A55FEFC4CAB4803B4957BA4C2790516
iv =0CEA9B9C57FE3E8F5D5BB8164989D0C5

2020-07-10 06:22:25.958445-04:00
salt=002F40A94C560000
key=D80B8801FED2C2FF64C52FB05554F93914CC2BB7457D60E0D4C7715E81741A15
iv =1E288A1A835133C819358ECF120709C9

2020-07-10 06:22:31.958256-04:00
salt=009F2E36DA550000
key=CD6B98F679A12294EAC4797928D3513BD9728974CAA2E01CE39DF79272FF8235
iv =532FE5D936192208440F4F290193ADAE

2020-07-10 06:22:37.955674-04:00
salt=006F7D7B9F550000
key=B91DC206B6F23BC0E6A2AD3F2C289DECABCB79DD6AE836BD632E70A89B9A175C
iv =56352C6EFEE697FD62012AD189617BDC

2020-07-10 06:22:43.956780-04:00
salt=006F51B4E6550000
key=FC7B55AFD910B1759BF5ED3F73A702AF4C53BF02DBB3CA54B267DBF61D788B11
iv =D1B302299526754FFB4A3A14220EB8E7

2020-07-10 06:22:49.957229-04:00
salt=00FFF13343560000
key=900E9C57D3D93A978196CC247EB7E41C58618158A846D2E73574497D4D3C5CFA
iv =2CED9A59F6D50D9AC8367F2AA336966D

2020-07-10 06:22:55.956280-04:00
salt=007F5553DF550000
key=E2623847D00C9413DA4B27968CF0DDA983B1E7BCE419F269ED33F99C8B1AADD9
iv =034FCA03610CC37B82737F0EB4A779EF

2020-07-10 06:23:01.955903-04:00
salt=00FFB54F28560000
key=05EA17A7BB127C942BB6BAB9AC166C14884F4012CDCE6297744A68C5230224B0
iv =58CE4F050CF99A45B501CAEC843E27D2

2020-07-10 06:23:08.956629-04:00
salt=008F6B81BD550000
key=30D395F4B7F9EBF4729283195673769389BA6D240350C59681F75476B6986729
iv =0A9131CF9D3C4850BA41AEDE45ECBB80

2020-07-10 06:23:14.955568-04:00
salt=002F7EF1E7550000
key=F06BFBE8F59C6CD6114880367D20A9C51497DD77ED365966AAD9B935F01D8652
iv =6DDFBF05DD83F95B26819E1953327493

2020-07-10 06:23:20.958189-04:00
salt=002F11E58F550000
key=1BF7EF3BFDD6D9F61F27DDED39AFAB7E3E247747A4A00BF64DA4EE8EA9822923
iv =3DE6D190A5FD654676D1D90CC1910DD0

2020-07-10 06:23:26.955855-04:00
salt=00DFD743B2550000
key=B995E13CB81688150709FB847D551FA0F8CADFF7E683CB7C95E09ECA15538B43
iv =A309ACE98799E8F18630BB20F5D89CC2

2020-07-10 06:23:32.956448-04:00
salt=004F0883CC550000
key=9E017C0CC197604CC41C6676706F33E67ECD6425FB5B28A20E917E66AFC4D955
iv =8497DE232FDF9631EE362A8B63774809

2020-07-10 06:23:38.956254-04:00
salt=001FC920C7550000
key=07548B234C162411693972B23A54526AA8046B1B91F9F149BD49E99D011F0377
iv =092AE35AB614F95A6644E224810E5005

2020-07-10 06:23:44.956337-04:00
salt=008F06E429560000
key=B5E4EBB12B3CBF5F3847A45658246B1868726AC74053D8E7CE790A7637EB8B27
iv =86849081792D2BFA2F43C59B2F98E1FF

2020-07-10 06:23:50.956254-04:00
salt=00DF46DA7D550000
key=C1A381E90FCCBAB59DB9A7DFB84173760B624EB7AD37A0FD624E6A73069F5910
iv =02563DC4EE68DB93E39A4E5444DD83A4

2020-07-10 06:23:56.955995-04:00
salt=00CF2E8874550000
key=97351D12B3BD443022C57C243EC9DF43DC23527875F2432F97F7763FD2AA971D
iv =93B774C39D74BC76B130DEBA37CB9B59

2020-07-10 06:24:02.957557-04:00
salt=000FB253C0550000
key=C2ED5E907DCEAC08D3F605BB5282491D15782C6B57A951B51B94EF25DEC98FB5
iv =6EBD3359BE42519CFC6E3CD26248BC4C

2020-07-10 06:24:08.956143-04:00
salt=00DF3C5559550000
key=B02A2D69E68988127A6D9DBC495825478AD8B510503F2E74D27F69D8064007F5
iv =937C190A275358BD5FAAB046E8146FA4

2020-07-10 06:24:14.955770-04:00
salt=008F4A1C67550000
key=700AE9F304288918045105DAE17DCDFC207BF96D212AD40AE89FB8D2B190B7BC
iv =431BA623554773B21E0567F10D8A15BC

2020-07-10 06:24:20.957020-04:00
salt=000FABC5DE550000
key=5C5BA076F6E2C7DB09DD25F9B130A488FAD67A184C32F4A2863A9D9C685ECB9F
iv =320376096943BC59E97D52DC0D326B9B

2020-07-10 06:24:27.957036-04:00
salt=00BF931F78550000
key=B286140A267CF9955570D216AE812D4722B23832881678B1E9C8A189DD6CAEB0
iv =E6F5C0531AA17F71CDEC036E0F140993

2020-07-10 06:24:33.956767-04:00
salt=00CF95C60D560000
key=EBDF7F7F812D4AE55339805A192762DF7994D2AEC22CA11180344606D3802B17
iv =C6FC86CD527F158DD73E8237889ED35F

2020-07-10 06:24:39.955781-04:00
salt=007F419BEE550000
key=0D8D669C6E3BA9A4798B64A672C7A4712C69689A60C68E1117DB11DEA2A780E8
iv =3037DAF75E1C168BE9ABBE67ED2B44AD

2020-07-10 06:24:45.957171-04:00
salt=007F3890C0550000
key=809F49F975CC8A94ED4CB29BD2AD80574B7772713D41E7C60671D5700B561214
iv =24144A43EC00B90F675A8BDB75183B4E

2020-07-10 06:24:51.956132-04:00
salt=002F0E8885550000
key=C38C65F85E0D81F8EE66F093B51F225B66F3C788F75DA881F21FFDB0BB0DE292
iv =7315C6353ADB8EC1CD9EE00ECC9AA84D

2020-07-10 06:24:57.958502-04:00
salt=00CF4BA718560000
key=54907061CFC1B6404666938B07C38644C2C310D762D0D473484F11D117B67ED5
iv =170209CD5684675F7408FAF81429CEF9

2020-07-10 06:25:03.958275-04:00
salt=000F3601A3550000
key=405FC3AA7C26258837BECDA3CA726C3E9F382A1AEDE1DB3D55039A6A375AA543
iv =DABAB449646E0FE6625FDBAEF9AF8410

2020-07-10 06:25:09.956442-04:00
salt=00CFA03562550000
key=A3A565EF8CD0EFB8F9E990330216765B98069DAA5C605817E0C451BBA6000000
iv =7F0C1C00B1724FBE07CA0F7397AF62CF

2020-07-10 06:25:15.956137-04:00
salt=009F95A8DD550000
key=EE5571128D216DEEE912F6A598CC4493DBA2349F05231F4674E2F63CC870E48A
iv =90ED06400C3FC7C4F5CC2FB4D4DAA879

2020-07-10 06:25:21.956991-04:00
salt=000F0DE6BC550000
key=AF8F2551BDD176BB0EE4F946E0F500C8B2F975F7F7664D1F12CD68D39F9431CA
iv =32CBD7E8D8FEDD29FDA646C6765B84CD

2020-07-10 06:25:27.957088-04:00
salt=008F75C6A7550000
key=603F40EFE5B748A7AFDEC67C6F2D81EEBC882EE9FF13C67E16DA1202CC6EF8D2
iv =85B2292EBA2C33749B787F6A410105C1

2020-07-10 06:25:33.956993-04:00
salt=007FF3EE41560000
key=187CDCE8EFEBBD6E2F0D601D085ACBF7A024B160C5F3936E64D066FCF26E2508
iv =46033E95D472F45262884B8CDE82565E

2020-07-10 06:25:39.956259-04:00
salt=00FFF63C70550000
key=AC7BB9457AC94AB06AE6889720C3591EC339F71242D6E095C8E9963B0D6BE5A9
iv =FD68876916EF982AE5F0EF2CE8A49C18

2020-07-10 06:25:46.957277-04:00
salt=000FA31A1D560000
key=455614EFBEBB7003629416B74E12910841FFF5CF196EB2C582493E7FFF1B5ED6
iv =7D22E5DBCE9840DFFA848D48A39F3316

2020-07-10 06:25:52.955954-04:00
salt=007FB6E55D550000
key=65A18A39B6EFB034B1B6DA2361F1F39ADA2FA19CE54522ABBC27D6BECCC2EE87
iv =94FA6982D2645C278E0B126B3B97C53D

2020-07-10 06:25:58.957171-04:00
salt=00FF4B6E05560000
key=C02DADD924751D6B92E8A0F2FF0B9446A2EA9375B181C2434536E0FE51016867
iv =75F883127DA78AA3666B04F55C918694

2020-07-10 06:26:04.955984-04:00
salt=00DF0F741E560000
key=BF7A841504773B107EFFFCF8D22988F276BED719358676AABF5E32EF5118A577
iv =40AC943D5C32F92B3A8B314C98632D3B

2020-07-10 06:26:10.956013-04:00
salt=00AF4C4D83550000
key=6718D94CE306BBB8E2E1E894501E36E530CE0D453ADF4FDCB3B58FC47FCBE04B
iv =C1A860FE597403E0C9DBEA9DD74B62C1

2020-07-10 06:26:16.957209-04:00
salt=000F2766AB550000
key=8D5C0DF3A210520F1E39350D38B91E59199616E79C28A55031D76DC4C6FB0F85
iv =51C60EABA528B0EBAD7F3B5114E39ABE

2020-07-10 06:26:22.957142-04:00
salt=005FD54DF8550000
key=6D21809C9ACDECDDF37DACB7015AE4D70CA58C706D3FF7C95BCE13383CAA9927
iv =BC8893EDBFF611546AF5D9511622C07D

2020-07-10 06:26:28.957693-04:00
salt=006F2AD935560000
key=CC8090793DE4A89BB9F3D304B9A0413855A74CDE2BF8D9662087FD35105DB7BB
iv =8D1F943D0B772835A4663DC6CD13EDCF

2020-07-10 06:26:34.956191-04:00
salt=00FF0A2444560000
key=4D7D51AF920B5A357C0D14444F9FEF875DFA9ED2CB6F53000000000000000000
iv =5C618BA4C57567F6E640A5DC95A26FAC

2020-07-10 06:26:40.954748-04:00
salt=00AF49C836560000
key=34DD11C33F406E6913C858CE3F0B1A76714CEBC7823E882134F4FA34BDE61903
iv =C1E37FB90EBF07A65CF9A20C21DE627A

2020-07-10 06:26:46.956963-04:00
salt=003FA3F45D550000
key=301CC02A2E108A1C44AE439642C821573DBFE3103DAA7DA60F40000000000000
iv =BE7010D7C4B579286DE60A04E8185B1B

2020-07-10 06:26:52.956340-04:00
salt=000F84C67A550000
key=0277A2E6243098000E9471229A2E0FE73254FD8BF74F96C7AC887CABC0B77E1E
iv =D273E7DD7CF54C9E70E1DB049892F29D

2020-07-10 06:26:58.955973-04:00
salt=001F883C83550000
key=E7D37C7A05398A6F2BF385F08830DA073A86E8995B06FB0E78A2724FA18A4E14
iv =6811D8D42D275F081226003A74A95E05

2020-07-10 06:27:04.956912-04:00
salt=00CFA62CBF550000
key=AFEFAD95703A11500D877FD32B3ACE36FB088815FDD708742D8D78638FA472BC
iv =6D10B232A2C7B077043E2E6E67BB2890

2020-07-10 06:27:11.956594-04:00
salt=007F31A40A560000
key=52CBD7F075803142ACA64FF8B5B69E4CD27011F5C3345CEF4E7625D9DBABBA42
iv =ED231A4726486BC9058F4DC7326BE118

2020-07-10 06:27:17.956796-04:00
salt=00EF5EAD97550000
key=EBE2DFADC1B67F059F18901CAEB2B0FFAA4FB9FF61D3AC924C55B030FD269174
iv =C74B3960D09C4A68E233DC9E6E8D2789

2020-07-10 06:27:23.957511-04:00
salt=003FEA2F53560000
key=CE88DD6AEAB2A9201035D319DA4D7BE5E21251000063DFA5A5D80620C509B6C4
iv =6A47B691405A0D0CC7995566D657EEFF

2020-07-10 06:27:29.958041-04:00
salt=00DF6A13FD550000
key=837CD3D76C169FD69509E580445C259ACF0B54B12D57481AEB6CF14F28AAE740
iv =2CEBAEB3CAE4064F5A8E8B31ACCE7CB5

2020-07-10 06:27:35.956791-04:00
salt=004F3D231D560000
key=D27569685F2F9A96864A59AB13AD01E4C664A41BC085C6C8B771C8C729E478F6
iv =25FC50F7A8B0693E7CC6681CC3D90FD7

2020-07-10 06:27:41.956901-04:00
salt=00EF9D69C9550000
key=DA5AEDC82662634F1FCB571CE03AFB4AE81B3CE6101F5B679AB5F744DCB553F0
iv =DB27628F0B33017DCB98B92C6CC7AED2

2020-07-10 06:27:47.956523-04:00
salt=000F1D222F560000
key=1910C6F12DD46E9A4E3143955437C3A9E3ECE0D81D915002C041EF1F649801BA
iv =D8481A71557919B7C2766209C5B37212

2020-07-10 06:27:53.956437-04:00
salt=008F85D62F560000
key=ABA6C58A1E9B2D4337054CEDB91B1BECD5753CBD834B75B113DAEB81E3FFF35D
iv =4E09BDE1E3406BFAF26F0E837122E767

2020-07-10 06:27:59.946330-04:00
salt=000F5F2198550000
key=05073E5354732FA0655C8B4D69691DAC3C0F08D040247245D243906F345DA6D5
iv =602C4AF0EDE1FA0BBEA466A0F8364BB2

2020-07-10 06:28:05.955007-04:00
salt=002FFC2F7E550000
key=4509CC46172BF558F25946F57E443CE4F676580EB2624A91DA1C38AE0BA224CC
iv =07BF8403AA142F5AF53525746C9584A8

2020-07-10 06:28:11.957163-04:00
salt=00EF0735E2550000
key=CA39819F0EC23E1291292EC96D4E52E69626C917BBF2CA0B6E8E0040405A1D3D
iv =293EF214F0C2428117E9AAAA6E01E973

2020-07-10 06:28:17.955798-04:00
salt=00EF7F98CD550000
key=9854BD82F1E7A55401676C24DA83216A76CC4AA2101BE4B1A96CE177C1B77102
iv =E33BD586D7604E7EAD41C441EFB3D78D

2020-07-10 06:28:23.958402-04:00
salt=008FD85A53560000
key=7DC8E17676936C66B98655868356885555F658E6E92C3E051A4CC6DE4B2C2A4D
iv =E26EB0621E4BB501E1FA1AEB879FA6D5

2020-07-10 06:28:29.956103-04:00
salt=004FB40DF5550000
key=04DC8BA811E7261F42FFBFA8A9CA8D145FE6F4F85CA5C08D259835962FA2AE90
iv =5D83FDFEC91167851FFDD8F22BE3D4B6

2020-07-10 06:28:36.957241-04:00
salt=007F2EE02A560000
key=E346808EF5D1782C05BF877AA1E5A1C31F647C7EF6AD472756FEB72FFE54FBBD
iv =F4827103EBFD71F03EA5D89CD1DC2467

2020-07-10 06:28:42.956084-04:00
salt=002F5FB282550000
key=FCB863C273B7DE17BB42A3D58B213C8FC6728DB7599A94B00A62EEAF838F33CA
iv =85E4793514693851B03E8E25830D9C18

2020-07-10 06:28:48.956418-04:00
salt=008F637906560000
key=B30E694083A99860DEFDB6C29CE1B0E1B7338AF3B99D379A3FCE4CABF404C402
iv =0786BE6B0E6284E863FDE3D35ABF3868

2020-07-10 06:28:54.956273-04:00
salt=007F1C132D560000
key=4B644EBDBF04FEACC5FF54085780E373F422219697E40FB750847987DB8B249A
iv =293A6D7A245634B7DCC7B39F18C09DF7

2020-07-10 06:29:00.956869-04:00
salt=006F0118F4550000
key=C3656FB75B7771C33718D3A2FA1BD4296E4E88F10DC4753AE468D1E8A548E85B
iv =8794EDC2B06EB2B610CFCF1B6898913C

2020-07-10 06:29:06.956273-04:00
salt=007F2FDECB550000
key=BAA52C421F8A3BE686B8511B04DEAE080EA0DC63BA78ADA825F66BDBCED34816
iv =191D970178C924939F971BF8FBBC779D

2020-07-10 06:29:12.955940-04:00
salt=001F8ED717560000
key=92E4C6908777EAE5EC74AEDB5600947C4A54DB95DEE1FB1A7037FAAC42E60341
iv =C01676F737B99EC7DA21610A744790A6

2020-07-10 06:29:18.955782-04:00
salt=00FFD501E8550000
key=E283BEF4952AFE28BB4AB16CD0EB3A873C304CC53B4847B1E5A4DF27786FEF1D
iv =07B887DB760D6F710EC7E2337454AF8B

2020-07-10 06:29:24.952882-04:00
salt=00BF121211560000
key=CC6F5FBB704B57589A0345A049856E2935C2A20E340C7BA122972F34E8D5084C
iv =AF015F77E7A5F65C1FA6D1623896B208

2020-07-10 06:29:30.956928-04:00
salt=00FF31588E550000
key=C80909BF2A6534944859854832F719ECFCF0F824A17CEE99977B411CEBEF1D6C
iv =4D69FBBE95B41CEDAE7C7053FD2087CA

2020-07-10 06:29:36.957182-04:00
salt=00BFADBC7D550000
key=9C3CDC979B7BFF7DB60AB5AC46F6D6E701A7E448EC5FBC107A4E61FD044C5C2E
iv =3A2E5F47F01A2E4CA68AC02F03B71D9F

2020-07-10 06:29:42.956410-04:00
salt=008F2E491C560000
key=081D6EEAA371DCF60BCCD46E0178A4D828C94EB0E7B8699BC000A0CF44803AAA
iv =99B30A72E2FE49FCE137FCB8EBC43855

2020-07-10 06:29:48.956019-04:00
salt=00DFD5F627560000
key=936748CCD21D2EC61D9A9598E817EF8CA8B606AF372F455BBDBD379E7672E66F
iv =804B4B2987847124FE7BE1E0866FB477

2020-07-10 06:29:54.956818-04:00
salt=007F06DAB2550000
key=9C49241C972B5B6AB965B3BEE04B80019ABD8DAA68A40BA035E158444F4E5711
iv =6C61EF70BCD6BAF9E93839AA6C636593

2020-07-10 06:30:01.956543-04:00
salt=00FF95AD04560000
key=5AE019465F218DD79C5CFF87D9EBFC309BCA07C4A3021507FC3D19A1D3D90B42
iv =5461A445A7366CC729D99721A2285B52

2020-07-10 06:30:07.955830-04:00
salt=00CFBE33EC550000
key=57F46352F68ABCB39F44A0BD6DEA8A88644434D2F5CD5CC8DA74B7C68F5D2934
iv =08FE6F7C6BBD894AA4C5048D15B585EE

2020-07-10 06:30:13.956596-04:00
salt=00EF757573550000
key=378BFC31924DF8ED7F3D5FC89532A671603D65CA62E8BA938F8093C5865731AB
iv =9C3F0170C9D22835058D8345ACD54AC4

2020-07-10 06:30:19.956357-04:00
salt=002F01A7A8550000
key=5B68CD1CA678FE38573B26BE010278A93A3CA5BD1719257CD347094132EF42F8
iv =7C2CD91F39547887280255538B589533

2020-07-10 06:30:25.955703-04:00
salt=006F17E63E560000
key=4B960DCCB904BF003732AF6647989E7021ABB60965A49598B0AF06DE2646742B
iv =187C66E74DD737AD8EE93895470712D6

2020-07-10 06:30:31.956140-04:00
salt=001F926A4A560000
key=FB4B0680B741A87FB29B09A0DF11C42E8712DE1F129388493A147D95F6C5B632
iv =C02D9945107F5B2293EBDBCAC8BFFC95

2020-07-10 06:30:37.956316-04:00
salt=00EFD58776550000
key=C59448F3A400244841A12BA5A2AF1AA2B4E23CF10B0BA0421A5EA60563F3B63A
iv =61CC3D2994CDD94D7634DDAB3BB7D673

2020-07-10 06:30:43.955094-04:00
salt=008FCE3F58550000
key=501E580E04C637A788A34AD5F3A3412E865D9A3BCDF8178346BCCB710134A59E
iv =B7305D0B6F78BB8703A525700C06BD91

2020-07-10 06:30:49.955471-04:00
salt=00AFA1489D550000
key=713FEC31ACEAF8C031B8B88A6D9EAD30575267EA0129DAFE6153F62F7C5B9994
iv =5185D69330371D995ED14FBB978CFDA8

2020-07-10 06:30:55.956243-04:00
salt=001F1BEB6D550000
key=AAE1E5E3C8C9C971780E15F3539C81473761B58C04E35F18905CE582266B359E
iv =B914F8D2A9C5EC4D52B2411D804BE786

2020-07-10 06:31:01.956135-04:00
salt=008FE10811560000
key=39E525A6E600B5749FF755641424BEEC4A0F0801A9C9501E0E1727EBD469B598
iv =D5CF6C522A08D9801552242CE584AF4F

2020-07-10 06:31:07.956381-04:00
salt=00BFD93678550000
key=C14ABB60228F74D502FD5B066FB7E64FA657EF9D1389DD9336265386E36EC524
iv =2B447AC787018306C5E59AC5C146E054

2020-07-10 06:31:13.956281-04:00
salt=005F694E67550000
key=0FE785B23D06DB699375CA29AEE5BBB02B16622CED834C0E0B1194B94D18A490
iv =16AA4AE267A4A9AB4DC0E26BA97C0BC4

2020-07-10 06:31:20.955973-04:00
salt=00EFEC415E550000
key=AE84926A4777E4D064F7AF533A3B9308DE85AF90785C54819AEE5E0D69D2EE71
iv =915F6B3F52B0FDD511EE5B3DFF855F9D

2020-07-10 06:31:26.955685-04:00
salt=009FF796E9550000
key=E527C6A13907972026ADA5E459CD68B80811995D8EC8116BA54BCBDEB7C8204F
iv =802E2B9D27E73E87B28D016FE68DBFE6

2020-07-10 06:31:32.957466-04:00
salt=008F3AF657550000
key=6967293E1CC666DD0EDD52E930EFC4E10F181FCB22DA49397D330B4B6FC756D3
iv =436979BCB7C8ADA147E2B320817D2A72

2020-07-10 06:31:38.957900-04:00
salt=00EFAF97F6550000
key=EF07FCAE990E663D4F4D28854C2F8FC2BA27E995E6E358564EB24F5091045F61
iv =12AF1955BC85C45410094A43A7846C09

2020-07-10 06:31:44.958038-04:00
salt=001FF382FA550000
key=CFF4E112A49CC592BD93940645C62EC01DF1AA66C12B7C1273006B316C80446F
iv =830FD8269CB2F444C25A6E32BF449FB1

2020-07-10 06:31:50.957449-04:00
salt=00AFDFBB4B560000
key=60B2080358158C9E86103337EC6B61433D0CA4327EB1DAD6E3C66DDC79ADB100
iv =0713862A139FFCD9A309BF74CE60D713

2020-07-10 06:31:56.957455-04:00
salt=008F2412C1550000
key=637F001697F49B1D0D25B344250C82AD7A8E69753AECA6D24F63FCA66F1E3A2B
iv =A8BE5CDBB69F78FF8A56D222298F858D

2020-07-10 06:32:02.956847-04:00
salt=00FF75FC8C550000
key=FA4B183EEF1622BF0E71C043FC397C998682EF41148CF4B4958BEF983677AE8F
iv =0DCBB2BA4C10E813E02D9EEFDA71BD48

2020-07-10 06:32:08.955940-04:00
salt=002F29A711560000
key=29A2F07D0711C47AE25B0F1CE4B4A6D24C260FBA64AB69A79741F1E763CB0611
iv =C1D797D0D4DBEA9433B4C8E54C4D81BE

2020-07-10 06:32:14.955865-04:00
salt=009F6FC402560000
key=3EE932CC7A66379E6CFBDFAED6448BF2533CA4AB02CACDD0ABC1E1B10290CFA5
iv =67B50DCBFAF0980152DFC291069F40A6

2020-07-10 06:32:20.958233-04:00
salt=003F40E206560000
key=F6337604A0EC389C16FFB4B855FFD61CEC56B49FF466ADA43B59A811E16C0E49
iv =B2533B4517D4F05C115158F03710FFA2

2020-07-10 06:32:26.958526-04:00
salt=003F19975E550000
key=F6EAD7B5FABFFD81A015C6728A832AEF59B1EDCAEED036CB4159F1016541FADF
iv =E5A91D53624AE7405B72FC44F16EBA46

2020-07-10 06:32:32.958272-04:00
salt=004FD2A9F5550000
key=8E5CBD27B59AD5DA219D815B5853A8A23092566EBAB035611E1D50E2EABFE90D
iv =2F74BA8B80F845A7AAF74815E11E9BF0

2020-07-10 06:32:38.958189-04:00
salt=005F992076550000
key=71684853A29B5FD44B80EF1ED0EA4860C1C705AA3D2C353AF3F677B6C5A835B8
iv =C5CD01991DA2D08A8E0FD8AC67E5170B

2020-07-10 06:32:44.957179-04:00
salt=000F2A0048560000
key=54619A550A41EDA1CEAD64CAC43D5E821AA2BC0A69767D5866ABCB63F9CD0787
iv =0E634061B2B40E19C52BE27E133DA81F

2020-07-10 06:32:51.958426-04:00
salt=009F90DC2C560000
key=AA6B337E8B56D18F3877FED190CA09EC24D506816DB090539D6960981CBC45EC
iv =0E2B278C2862FA9C65F5F7C070434C77

2020-07-10 06:32:57.955225-04:00
salt=002FCF01E2550000
key=DBF1403F5627F95F6D41289CBF5FFFE504B59485766FD4D72F797404A792B048
iv =015C0375700D4478D0002E546CDC62F6

2020-07-10 06:33:03.956175-04:00
salt=00FFEE863E560000
key=1E2BF65DD91DDAFB19F1BBDA50432B0D2ABB26AF632DC1015C711E26FCADF94C
iv =1F89397DFE8B5B0BCA0EFF3A9A1A167E

2020-07-10 06:33:09.958804-04:00
salt=00DF9B62FC550000
key=0F6753D65B7FB7E3C04DCDD69DAA748B382B08FF54F7605692FE8D02A3B176D1
iv =AD8D41A308A9C0766F0FC7C2EA5C5CB0

2020-07-10 06:33:15.958103-04:00
salt=00DF371DDD550000
key=D5CDEAC190C969EEDEF8733C1A8BC38787F6C051131310ACC47E7D5C30AEC28B
iv =A5E5B4E56719CDBFB6FBF23D59F4E201

2020-07-10 06:33:21.958165-04:00
salt=00CF0C54A0550000
key=93A21EC49FE3D46063B1A9CBA0B3D20D62F12316E40FACEF678D68BBB3F3FAB0
iv =CD2A1D821C9F8091AECBDD46D1A9713B

2020-07-10 06:33:27.957198-04:00
salt=007F64FE69550000
key=0AF55BF6C9777CCD37CC3B6F63A5238D8CDB89E1B8E838E4705B3EF19C4A7A22
iv =5304B5256CB08DC17FB2E95668035967

2020-07-10 06:33:33.957698-04:00
salt=004F52CDDA550000
key=EB4C48070FCA2C2E8BACB550338D3D03F646C54352EF127BF8B4E42790E3BE3A
iv =6DAF2FDF6333C07A09E5AF8A99663326

2020-07-10 06:33:39.954939-04:00
salt=000F9E7686550000
key=E408DBC547C421BC0DC0338FB0E78B156A05600131DB9B7259567D0B695F809D
iv =318FC6696A13011556136199CF075933

2020-07-10 06:33:45.958051-04:00
salt=007F0694B0550000
key=5A372DB011EC52BAE9A070438229620DAB957973E2E2019A6C92D78E15ABF308
iv =96DD1CF8CC686D8DCABB39446282E3D3

2020-07-10 06:33:51.956143-04:00
salt=00FF0A8FB7550000
key=6B048BA17ACC1C7B6846B4467E2C3281EE441C2661F21569ACBDCB3D599699EF
iv =9B8A6C3F861E200472A1778C65632E97

2020-07-10 06:33:57.957047-04:00
salt=00CF0F2029560000
key=3CD25DBF817BCB0A92E55C7D4B88A3A31DD37D64D7577621F3E5E464794E9127
iv =BB508C646A3F88777556599F3DAC7CEF

2020-07-10 06:34:03.956769-04:00
salt=007FB595A2550000
key=6902711416B24F09870F8189CCA412D541A4DAEB8B1BBBBF6160AD35E4FE530D
iv =03873FEAB9869B87C1322B931C12D51E

2020-07-10 06:34:09.955744-04:00
salt=009F2C99A4550000
key=1BB55981E3484C625B516E21DD6AB13F511C9B2E5B76627AA09450791D625615
iv =A607D2A9756E3F0FC6EB2EB5C5940909

2020-07-10 06:34:15.955768-04:00
salt=00BFB41BAF550000
key=3977614FE5811E4842272FC7BEAF71D8F04964573F24709E3FADE5457F916515
iv =CD265008156699D88E025BC5FCC1C765

2020-07-10 06:34:22.957779-04:00
salt=009F83F01B560000
key=5B4397F9C2E95EEB849334F7CB3056EC752BE5628575AB92553CF300A2BE9C8C
iv =B5FF946248FDA8AFDA1F408D414B8ED0

2020-07-10 06:34:28.957800-04:00
salt=00EFAF5808560000
key=754607DD754E20AA22B2E2C0EA4C83E5194EA3B113695FB04C74333B89955CFF
iv =0827A3DC4FBD79EF193D45A367EBD7BE

2020-07-10 06:34:34.956785-04:00
salt=00FFA4A826560000
key=C1486A3F39BD951CA3BC6095860C5B6E449063C074C16F26EA4C0AB9437DAE1C
iv =E18D24A79C27E03E7BD3E884CBA39098

2020-07-10 06:34:40.956083-04:00
salt=007FEF1209560000
key=C7CAA2A37BF8900B709243E6CCC648B54D04B3A5C405125AE6B2C419F1C0C143
iv =33784B661F2FCD3A55053FDF45ABCCC6

2020-07-10 06:34:46.956532-04:00
salt=008F515BC4550000
key=323A8AC23A05393E8521E04E897B07E9D9F764199F7122ACC5DA39CBA62A4CAC
iv =9F7B8120662A8195FB1B17280511D8B2

2020-07-10 06:34:52.956091-04:00
salt=00CF0A5829560000
key=442B3CF6F55D410A38491EB569718CD0AD95BEAD55B7B64E479F1A5C4C01475B
iv =D022CF1CD22AE5987F27D040D6708F6B

2020-07-10 06:34:58.958413-04:00
salt=002F9A17B1550000
key=9F714690D6A968C4A32003618CCA0CEAE50ABF45E3A53AD7B6048F2414B1281F
iv =A2607E3B1670F32649EF73DC8980236C

2020-07-10 06:35:04.955158-04:00
salt=009F5423E0550000
key=03DA03B26C3B83A0666CEDCC0927B8374B8B4620ED020372E32CA5FDC5C2F3A7
iv =50626B42AE55E633B9243AAAB32C9FEF

2020-07-10 06:35:10.956485-04:00
salt=004FE7EBAF550000
key=D0EDAE4B9F48FAFCAB98076ECF2C5BF7C91B8D8CDAF03AE95736E9EDAF3FE27E
iv =276FB064E8FC7EA8E4ABC6F011FB975C

2020-07-10 06:35:16.954874-04:00
salt=003FCB6E8B550000
key=93F2ED04304F65C758F1929839CFD0B1BCE80359D20EB4EEAF920FCE1EC2F20F
iv =2CD9994B7C0FA4F0EAD0BD8D31C9B380

2020-07-10 06:35:22.957897-04:00
salt=000F881CF8550000
key=776995B46CE28C449B3FC879D699EB7341B45D03465789439C8AE66FC6CDF0AD
iv =9CB07404D1658C2053D81541D3A3274C

2020-07-10 06:35:28.956470-04:00
salt=005F633F41560000
key=0C78DA596634F30AAAA6A3EF501EE9A1666B1883863301F56BD0EF2A909A9BDE
iv =2864E69AA28D8D50DF26B0265A2EDEC1

2020-07-10 06:35:34.957179-04:00
salt=00AF26E8AA550000
key=D6ED4D6407C724BCBCAC395B769913CF08FE07CE823DB1BE7A7682BACE4ABB6D
iv =67C2F6867F5F7A2C84155BE98B1480DA

2020-07-10 06:35:40.958105-04:00
salt=007F480B58550000
key=96F3E74F98BC872255A3A37B632E989056E4C9CDAD64C31E9CE3A3F3447E2E7B
iv =1B84F410BF11920BAA558BFD2E82C3CA

2020-07-10 06:35:46.955277-04:00
salt=001F7397D8550000
key=0A581211804155414DA4D294CCB7ECA6C77A8AED99A168217E2568C135DEB8C1
iv =B67897154A9D51C9AAA45A80440078EF

2020-07-10 06:35:53.956918-04:00
salt=00EF2AE3BC550000
key=81D774A982FA3C0A78C6AA44C7A16344D14BC40EEF39A58D036E915D945E4226
iv =45A1F54AED91D2B532D28E1165A56971

2020-07-10 06:35:59.956867-04:00
salt=004F9657AE550000
key=DB5089C8A035F6564333BBA96AC04CEC62A0B0B1BDDD246656838B8781E43D23
iv =A9396BD2F5DC026EE19C8279D45D6F0C

2020-07-10 06:36:05.955800-04:00
salt=009F5FA167550000
key=DD18E6FB827F1083F85B3050D922647BEE1DE09AC3EDB38C403F4AE9FC63EA1F
iv =7DB0C82267729D82E5858A6B5205B74A

2020-07-10 06:36:11.956672-04:00
salt=008F3E5CE1550000
key=741236796499BEF40D24205586D41ABFF5E3D47C6B4969D670B081996C7F1088
iv =6D25C2AC88173F3A7FF8540EADC21396

2020-07-10 06:36:17.957906-04:00
salt=00CFF067AF550000
key=EA85F9791F016E62CA9D34389C7424D5E70565D38ADFF62800D56CF1344445BD
iv =621CFC47331F2BB0E7D3D9AFD80B66AB

2020-07-10 06:36:23.958610-04:00
salt=001F4F1D67550000
key=8401944F8B013472A0D7775608C9B5488ACA11FB71B197CCE887A0C03D80E9EA
iv =FCED07760E98C13DD52B00DF14C210CF

2020-07-10 06:36:29.956920-04:00
salt=00BF283AB0550000
key=319C6163377988446E1711D85505CD2900414B042830063A5D84CE3A552FACAE
iv =7BEE364615FF6DE6F968CBE329656A8A

2020-07-10 06:36:35.955846-04:00
salt=006F6500F0550000
key=396AD8B727C984B87D50B56792511E95241ADE4DF0263F6FD3B97C161CF6924F
iv =04D717728CEB0305E7BE8B65287EB050

2020-07-10 06:36:41.955692-04:00
salt=001F61D190550000
key=8E355A7F86FB0F202229066F687F175D691767BE982B3025CC89B54EFABBFAAE
iv =A15A0050B6208C160BDD466229C096B8

2020-07-10 06:36:47.958821-04:00
salt=00BF19122B560000
key=69F3567E391E32E5B43507A41676D4AF20A1206A53DBD0E6329CDA8B0259A076
iv =B79BE8051814B36416F0E768F6691DB9

2020-07-10 06:36:53.957728-04:00
salt=009F0C61B7550000
key=DBF18CDDB49FA449BEF1850EF23E887776688ECFDD0BA89425E0DFB408F4CF4A
iv =29546F07E978A56FEF2E4DEF89D8E402

2020-07-10 06:36:59.957185-04:00
salt=00BF10705B550000
key=BA0174A8A521F61B2C87A86158A17594052D0EBC2239401AB986A04C95F9BC35
iv =6AE3B1327BF1C01AB428503BD911A89A

2020-07-10 06:37:05.956575-04:00
salt=008F06680A560000
key=FC4EA7C27590935152EA289789BA9F6E4AB225C7EFD54E1B0AE4DD4A36C5F8DB
iv =B53A25B0AAED649DDCFFC6BBA4221648

2020-07-10 06:37:11.955908-04:00
salt=009F8FEC26560000
key=06C6C557836613DBA294753BAF8E4D0405F11C80D246EF4A919D000000000000
iv =41F14A07EAE759B1D4E13649E49C9AF0

2020-07-10 06:37:18.958135-04:00
salt=003F4A275F550000
key=D1A2E20BF5D95AAEB6442FB2F6E616734233F5286227CAB41006D751561A7DD4
iv =49A310D5BF9734441663FB4B9F39AA88

2020-07-10 06:37:24.958378-04:00
salt=001FCD7842560000
key=EB634DA41BA708EFF6F3840AE1CEFDF3334933A00AACB9CA95FF4312716E936E
iv =F0367CA1D3C9411B91558E5C58F0208B

2020-07-10 06:37:30.957207-04:00
salt=002FA23AF8550000
key=0A632147CCE1714DBEEF77CFCF87DDE343EFB3EDD193C25CEEDF3FD462F9B547
iv =F97F18CBDF5D6ED4BD13DB3C674380E0

2020-07-10 06:37:36.957422-04:00
salt=007FFD368E550000
key=8B598EDFF8FAAFB2FAC5E7C7CEFB084EFD5259D908145D67D512122311363CBB
iv =931F63BBF83D5B3C0C6209D6F5022D25

2020-07-10 06:37:42.958929-04:00
salt=006F93D74C560000
key=72E81EFB5E5756C743531950592A901C2616630A98A39724D49BE014B634691B
iv =BD61DC791F71F06208FCCD47D778B944

2020-07-10 06:37:48.957050-04:00
salt=008F27A425560000
key=9BD3173BB74A7CC0EEB2099BAC15E704AD4165143A3055A4210D3CFB7229FC5C
iv =2B3909143756E11568645009AAFB28A7

2020-07-10 06:37:54.957169-04:00
salt=00CFAA220A560000
key=E60530063186D39A5A4885B70991565767BBF3CC6554306516A4B9A4E725058F
iv =43685C3130E3EFEFE7A3F6A668FCDD5D

2020-07-10 06:38:00.958777-04:00
salt=00FF10796E550000
key=9E0F2B8E260C01B894D4A9FFA8FB5140CC51B9B5D0B31B1F7DCF22B4208923A8
iv =0ECCE4A3443357182C3679850164AFB2

2020-07-10 06:38:06.956796-04:00
salt=00AFA14AD9550000
key=A6735E71740E6F0A70DC182D73B0736362DBB88BE9D0244A941E47896E7EB208
iv =1E34B0996E1E009C40FDA999D1CB29E6

2020-07-10 06:38:12.958689-04:00
salt=008F8A78B9550000
key=C8AEA6E9A996318C614249B8F8D41B9A98DCB3A4AC42C9DAD7B606469576BC18
iv =E4B9474435904279C1D106E9A9C9484A

2020-07-10 06:38:18.956367-04:00
salt=00CF9576EF550000
key=045A7DB7FFBC1FC8C21CC4DA4F7B9EA8939FB0000091E303CD0ED2DF5EA41FC2
iv =06800D73B2D6664004F69C23BE147B05

2020-07-10 06:38:24.955919-04:00
salt=002FC59040560000
key=66F3423479903C7958CA37035AA72683EF99A732531680135565263F0E753055
iv =9AE45B33AC4D67F53EC34723FD648F9B

2020-07-10 06:38:30.957063-04:00
salt=00CF046284550000
key=F8EE4E0571C6116D863B81306C04286FB6A3233846683F15E12912EB1229D9FD
iv =13183CAF4A00B035F7BBC8F406B0D0B3

2020-07-10 06:38:36.957790-04:00
salt=002F7F67AD550000
key=5CC1432EAFAA7E0ECBA47B849D6B87CCE151449250429DF190E49D2345626DA3
iv =13F1F6F4B5E9E64CA8B88D5588F9B0BA

2020-07-10 06:38:42.956686-04:00
salt=001FB1A8CB550000
key=D78A23A4AF61BE355532AB54971F5871A6A073505B0906E9E73A8A8FD7F45166
iv =1F044644901F92AA4B87A39FF4424A44

2020-07-10 06:38:48.958490-04:00
salt=009FB35ACB550000
key=A957F0C0DE16F2BC859DB5EB23A1231DCCFA93FFC1CFDBFD7DC53E0EA7AB4C58
iv =0B74CB4B8ABCD68DE906AC61124A73E8

2020-07-10 06:38:55.957006-04:00
salt=000FF7E5FE550000
key=4A50D7457AF2D4801DD40B7F0A5294FAC139BC73D67EE03ADEE927632B586464
iv =006C254CB9BC8E1708A3B8D64544006B

2020-07-10 06:39:01.956982-04:00
salt=00BF56BC6C550000
key=2AB466247397CA35ED7E5A33A400DAA2C655DF4DAA5F086B69CC8897505513CA
iv =971B64C50F92CF89FEBF87DBD2B94C45

2020-07-10 06:39:07.958265-04:00
salt=00FF2F3090550000
key=490AB894F6E63028C931FF70B9304F512A4FEDE587C587D735AFB264B5F3BD08
iv =2B16C29AE83D0F79E8F4AB41F5A44F42

2020-07-10 06:39:13.956961-04:00
salt=00BF90E596550000
key=041DBA8E59BA2B8B7321E0BD38FB0BD98513B21004B8197643AA8A4F69F5FC23
iv =C48176D0E7538832D336D07DDC29E9AF

2020-07-10 06:39:19.957110-04:00
salt=007FE97350560000
key=9CF6A0C1916E935459C756104201A1603289FA9AD45E9AC855CFE8A1CB577836
iv =7207BCBD968B88A7902871F0AF3D8687

2020-07-10 06:39:25.955989-04:00
salt=001F0CD536560000
key=87007DFD8EA527106F40E4B958EEB5FA91C3231FD45E8C8BB20BEDD1FBF03EC6
iv =55BC42A6EE74F6DE05EE7CBE0BFD80C9

2020-07-10 06:39:31.956645-04:00
salt=004F222608560000
key=8209B590AA6A2B2C0A63D3CBD1EB95D253B615AC92BA119652647AA73D4A7884
iv =BC1E23296C35FB880270C202BA825B3F

2020-07-10 06:39:37.958202-04:00
salt=00CFA67896550000
key=0B1EC910DC91BEF4221A81DEFC1EE2FB521CE51A8C44C1B3CF58E6E6C8D1EE25
iv =7308C696EA52BC6E2451C03BB578B62F

2020-07-10 06:39:43.956837-04:00
salt=00EFE9A57F550000
key=E65D31F40FFEC5D178E5E4D2D9D547655328C6A1F44D7705D411E3FF814EC21E
iv =10CF0CEC58F662453B4BF72DB5B87E7D

2020-07-10 06:39:49.956391-04:00
salt=005F4545CD550000
key=67A9B07EC578ECCC4AE9B32A340D911D34E77E09BC9CB11EED86C2FB70FDE454
iv =17FBE79BFE660ABEEEF682434B7B34C8

2020-07-10 06:39:55.958049-04:00
salt=00BF1E3FA0550000
key=2B76FD3302F21449101255CBC263D03DF16F9CAF1419F8684D64C6D8001A3859
iv =001603E8D4842C4E60ECE03111CD0EBB

2020-07-10 06:40:01.958394-04:00
salt=00BFE73902560000
key=75080A644850A61749290B53588CC6B7FB133DAFD075EC0F88C43F2FFB99D664
iv =9DE4BA93F4932D8D05C51AF4FC4368D5

2020-07-10 06:40:07.957973-04:00
salt=003F52F672550000
key=4BE57F452E3A8AC22C24CABB798A105AB542B977C423A8CCCD54E97A8353C4A0
iv =CB70542B9F995656CC8480AB2EC806C4

2020-07-10 06:40:13.958743-04:00
salt=006F8FF1FA550000
key=54FA6044780AD46D9A6C008EA4CBA5F96DD6AC477BF00572AB7D9E9C29014671
iv =A979E47DEE1EC977B78BA73A0A8140D1

2020-07-10 06:40:19.957012-04:00
salt=00DF207094550000
key=34FB3BBB9227D4F417FAC19152D725A8582D3FBC03ED343BA605CBF3ADA6FB5A
iv =8C4953A64492AAD1A622AE52BBC43B28

2020-07-10 06:40:26.956901-04:00
salt=00AFE3F590550000
key=65ECC458E151915815F82B0E89CD1ED09AFA582BCFABA00C2C056632F119C647
iv =DB3BF5FB774029BFDE675425473B411B

2020-07-10 06:40:32.956764-04:00
salt=006F634C9F550000
key=A50B6D6518F5DA588762AE6DB14D7B0E3ADEF9DB81A349B6E1440905D3D7DE98
iv =C5BC95AACC661FB7C57625BC5850E5B5

2020-07-10 06:40:38.955735-04:00
salt=00AF2E0E01560000
key=2A9D4E7A5C108F83BAF35D818DEB50F73B3251DFB2FF197918A4303563AF4ECE
iv =B2CF16632222B4AA8037E08682ED4551

2020-07-10 06:40:44.958062-04:00
salt=003FD0D224560000
key=FCC6547726CD3FDE6D1BB0E4CC3F03394E86D7AF3208ADA6BB4346520536CDD6
iv =EEFA923122D4FFE7ACE90DF5576DB31D

2020-07-10 06:40:50.957042-04:00
salt=005FD7DEFB550000
key=8961A5B41E189980F03E40C9DEBAB3226A43CB76224D92256949A2FDF442A8AB
iv =4F9F160092ED5BFB029F8513C685155E

2020-07-10 06:40:56.958507-04:00
salt=00BFA7106C550000
key=CD85A69D11D0FEE74F020BADEFC9BECA8A6A4687A0DBBDA558311508C4C538C8
iv =7DEC47EA8917B7400212EDA7DDFE8807

2020-07-10 06:41:02.956322-04:00
salt=00AF6224F8550000
key=0B04558C35E29015949AF630194C9C0D61AC994D0878D893688194E1186953EC
iv =A50BD732AF4DDAFDE187C5EE7DD92949

2020-07-10 06:41:08.957331-04:00
salt=009F3BF3B8550000
key=B8D781807295E4740BC1A1261F2A9DBE40A20FFB1531F813AA56CBFD5B6A7C3C
iv =0129F5F2931337ECDE8ADAE544BC1D3A

2020-07-10 06:41:14.955919-04:00
salt=002F62FCAC550000
key=55BBA428CD2C4274811E6260DB20824640FE424B6342A4B21A5B75425C63007F
iv =2339E339A8006BBE5CD76C3B58E529CE

2020-07-10 06:41:20.957139-04:00
salt=00EF3DBED6550000
key=582EF949079C40C4B5D346C06DB75F1106DE29F296145D8DF26D91540E61EF48
iv =4ED13CD47E584F8FC4F5270B8992D38C

2020-07-10 06:41:26.956527-04:00
salt=002F48E24D560000
key=FFEEF7E4ABA6012C044DC6656380C5A5C17F7FE18DE80D0F893965A48CBA52D9
iv =BCE30C0B8C0F17FE1485ACDE99FCE7C4

2020-07-10 06:41:32.955852-04:00
salt=003F2ECFB6550000
key=AC16072C42AFCA664976BE2B9CC12E8E56D6BFDE70C8E30D1D1DC95AE5EE2687
iv =E1C1627899F6DB1851A80C9CBB1E66E5

2020-07-10 06:41:38.956292-04:00
salt=009FA7DB16560000
key=76C1CEABF7972BDF1809CEFA53C58C0868BBCFFF36EAEEC193848C6C89670BA3
iv =69998E23B91B7DACF250EB7AA9BF1B21

2020-07-10 06:41:44.956438-04:00
salt=001FC9ABFB550000
key=577902FA7562DE89E3DBD53BE8C1D83EB07F3E737FF48414828177D7141E4DD1
iv =028DDB195A916C085498FB7F86D5804B

2020-07-10 06:41:51.957201-04:00
salt=003FBC3EBD550000
key=D457501756FE4D4CD3B2FAC1941DAC54A7B0DD68840D2BD9620FE2EFC6C198B4
iv =A38D12CDDA2B5DC6E30CD3F6194D5EC8

2020-07-10 06:41:57.956853-04:00
salt=004FEEAA67550000
key=55DE002B783526387175683EB1B1E12CBE1014DEDF410D50A4268482F8C32B80
iv =65D48B631152B37B497950EEC16437D4

2020-07-10 06:42:03.957833-04:00
salt=000FE4023C560000
key=E2E22449F379C8D89CB4609E49FB747D30F9453C091FCABA729F3470D90BBB10
iv =95619347618DA13023FE03B62F7ADF98

2020-07-10 06:42:09.956477-04:00
salt=004FD2F53A560000
key=27B14449EEBAF47CF4DB71A431664B0DB7BA4F7867C6C3CD426091FA34CABAD5
iv =C11BA91B504A97F055602B254FBEAA5B

2020-07-10 06:42:15.956926-04:00
salt=000F96E253560000
key=ADCDBCD95FD93F652242A5C5FCF3A9998090820D3ED1D94EE3C8A99AFD185CC4
iv =68568CDEE2F229C4B0CE2794B913B86D

2020-07-10 06:42:21.957997-04:00
salt=001FBB2A76550000
key=ECC51FB0E92F557D58CBBF04DD7AA1D3E6902C9FE915D4E6CDE9A770E9760559
iv =9789BCCDF98CF76E9C7C2FCFA702BAD6

2020-07-10 06:42:27.957557-04:00
salt=000F169D76550000
key=7016EB55D9917ACAA684AF673402F787C7A5A169F9CC4ECFC169DCBC995221C8
iv =0CFA6725D1AC5DA84DAF13B3BEA91DB7

2020-07-10 06:42:33.957746-04:00
salt=008F792EE6550000
key=537C46883E333BA80750D14AF1958178941151C5A4A097F6C413F917CCD094FB
iv =88FF6DDE7B92587B3734AF91CEC04FB6

2020-07-10 06:42:39.957120-04:00
salt=003F3D6DE2550000
key=F31D6559C156F5D37B05027EAC46CE750AF5B2CC1C9FAC4E2ECE62BF9A7E545D
iv =606690E7C5B00F33D082FDDACFED46BA

2020-07-10 06:42:45.958299-04:00
salt=00EFC30845560000
key=ADD5FB1630EF85F95766687BD6066AAEDBE0AC6E5CDD09C31233A3EAFBEEF630
iv =42629232B7C36B56A7C121199605DCE5

2020-07-10 06:42:51.957344-04:00
salt=00EF61DA58550000
key=0B79BDC4727BBE9BDF55D3FB18B6367AF0ADCB27E24491680EE7B2694EF0199B
iv =7FEF634409B6B9CE08F5DB817F404CD7

2020-07-10 06:42:57.958351-04:00
salt=00DF88674D560000
key=4FC6A993E43ED367670B7A9F7EEF0B33CC133CA47977D671AD97869E753A4BA1
iv =C6C5BC6FBBE5A73A4F5D5EF1A3AB1E4F

2020-07-10 06:43:03.959028-04:00
salt=000FDF36D8550000
key=15967712057C1F013D132C129BEAFB461205E61754388275E85066DA416943CD
iv =85B8FD81C4FCBDD8DD45E0F4259E22DB

2020-07-10 06:43:09.957114-04:00
salt=00DFCA38D8550000
key=CD4C72B9D3E589A471F6162C518CA137169968A3E0243BC230A936E3F193A82A
iv =4F86AF15003964F61656C681506C6388

2020-07-10 06:43:15.957210-04:00
salt=004FB9428C550000
key=6A71850D27CD4716A43C69CEF0AA75D0171FC144A6F3B46FF6553F093034A5AE
iv =654552FB0BAED8AF9AAEC4B3584828DE

2020-07-10 06:43:21.958253-04:00
salt=007FF3CA4B560000
key=A3167D83FB6AFB58512D902F194F2D22F4818244E7693ACBFF3E4D08828C657A
iv =7C9873313DB00A3CBC5AB68D851B19C5

2020-07-10 06:43:28.956199-04:00
salt=00FF5593A4550000
key=E402813CA36DA9E4071788A041644E18AE0CEDDF460E7CE7752465D76F8DE8A0
iv =E4EAD56296D85357B4EBB6C346C94E79

2020-07-10 06:43:34.956600-04:00
salt=003F5186C6550000
key=99A1A19B38604B8211425B0A1A6085F884349B9E78DCC97B9B862FE48351C04C
iv =DB2FE43DE82499B295F790D21E957D56

2020-07-10 06:43:40.956551-04:00
salt=001F4C070F560000
key=C2384DAD95604527C0C643FC955505DD0C73C08EF136900A1289386DB3E37728
iv =5B3EF98F47C6E783B64847BB23622835

2020-07-10 06:43:46.956812-04:00
salt=006F19D885550000
key=A2E10A0D924972F35D3629E0D46556D31324F27EF84C8CC1E421DB93C7A70B47
iv =1EA74434F7A214177AF12BD799EAAA4E

2020-07-10 06:43:52.956718-04:00
salt=00DF0A28DE550000
key=286E8695AFA07F8220FCC795672D94B7B0D3AFDBBF34CCBD05BC4A5781373938
iv =DD7560EDBAF8F7E7E7FF2154F6D3ACDF

2020-07-10 06:43:58.956195-04:00
salt=00DF91FB4F560000
key=22AE13BC9DBAEF392941AF33F346DF0527B49138128D181005E0BF1024FE9DCF
iv =CBCEE622916A8213B0076D6DAE3BCB9E

2020-07-10 06:44:04.956103-04:00
salt=00DF7BE447560000
key=466F2CAE4444B4F1B6227BE9C8DBBD66FE6D87E2B64B8FBD49D21097DA7F4DE4
iv =F7E43D9258D9CA8193F215E9C3843894

2020-07-10 06:44:10.956818-04:00
salt=009F0A415A550000
key=912C91DAAF400869FD8BEEBA0D610B648A9EB258F5D5A20C0F465A4F037D4349
iv =FAC4D5FED0E6D82514F2917E5FAE0395

2020-07-10 06:44:16.957509-04:00
salt=008FDE08FF550000
key=F450E8ABF4D74FDDBB695719810E2AFE21B9579B52453DCCB90078DF71EB2DF9
iv =5F18C4FDC6CB7AF9E715463AD9412E56

2020-07-10 06:44:22.956572-04:00
salt=006FDC4F07560000
key=F3599BAC2F9A6E5E7E55CFE1CD072A292F20ABB7D0D49ED0FE8F74A27700A1FC
iv =381B4E65C5F780322FF7A7A5C02C7326

2020-07-10 06:44:28.957191-04:00
salt=003F3A5AD6550000
key=F16720ACFEEA474657824A9278E13B3AD83ADEB606B2D204393A0DE856529945
iv =8CC3ACFD0C70FB1F558442998A79C4B5

2020-07-10 06:44:34.957533-04:00
salt=009F1AA9E1550000
key=C08B83FDDB110B64DE1E1989C73D78A7AD9AEF016309ED9C9CCC78F2D47EB372
iv =5534414B1B17DCD90FEA01882CEBB897

2020-07-10 06:44:40.958246-04:00
salt=00EF7A183B560000
key=EC25871280DA09E808A5308E14CD77F041C0BFB024E8278D398F7C854AA92C16
iv =80104FCE4CAAD508948421FE042EFECA

2020-07-10 06:44:46.949401-04:00
salt=006F5FBD22560000
key=2355BA961331BB0C804EEBFEE10705DCA140AB5AC9E05A1E0C9A9C1D37A835D3
iv =241DA0CA42B961A7549D289A08EA49ED

2020-07-10 06:44:52.956202-04:00
salt=003F8CC6FA550000
key=A0997EB56222DC11249F17FD190834BE979CB445F1F6E470F34920A52912100B
iv =632BCE5062EE3CD24D9223C49A45EAC8

2020-07-10 06:44:59.957793-04:00
salt=001FED56E7550000
key=E65491DED8590AA991AD504E4A31B6E983FB7328B9D044E4404C5B220B2A98D5
iv =A83E52BDA793ECB996A5F37755D3B276

2020-07-10 06:45:05.956631-04:00
salt=004FCD61A5550000
key=5AFE20C6E481AF4591B85F8692250E26E5F64A7EF05CABBA75A7F64087FFB0CD
iv =D40924527985B7A2D3BDAA58A6822885

2020-07-10 06:45:11.956720-04:00
salt=003FDBF856550000
key=B042006641D89D808CD1E06392BBCB928D67E76A6869EBD379D19CBFF27E9A0C
iv =42F029F1EDB065839865777FD7A1CA5E

2020-07-10 06:45:17.957077-04:00
salt=003FAC91F2550000
key=6091570DD573551B3D9EFE99C671E9DAFE0C5EFC4AD95304FEF856B90D248CDD
iv =A8DA010D60956BE4CE3B4EF7D8C1C235

2020-07-10 06:45:23.956631-04:00
salt=001F5893CA550000
key=F08B54BCBC6D368F8D4C106A7ACBCA4322B4B24519A898EA17D9E005E86D8CC2
iv =EFE00BDF1298EA96BFFC153EA538159F

2020-07-10 06:45:29.956785-04:00
salt=00EF318536560000
key=6BFAE48CE90F7DAA02922EAC2D4720DE052C5F80ABDA99DED8D0D764E0EB9823
iv =EF43B48FF0DC578657BBB88167505964

2020-07-10 06:45:35.956518-04:00
salt=002FAA89FA550000
key=4BF30D1D43AF47B3FCE9CDC41A1925AF6B7830ED686563E1823D7DA74EBC58D8
iv =B9E33907179BFCF4762E897178629F1E

2020-07-10 06:45:41.956550-04:00
salt=002F49EC73550000
key=3C2814FE4F920A380D2DC8722BE3AAE89D7A7C0DAAD08B25DED36FB3A4EC5CF0
iv =72D4A3C99E3F5326026361CAA1B28F57

2020-07-10 06:45:47.956489-04:00
salt=009F0E01B4550000
key=62AD613AF872C8A83392CE7FE7ECF4F9740FBF2DAAFE939B2AA1D6F76B990B23
iv =9BB8F6F42946F07B199ED3D070143DA4

2020-07-10 06:45:53.956848-04:00
salt=00FF175970550000
key=E744114968BCA6E4A30E040A8221F9DA1CA00000000000000000000000000000
iv =096E68B105B4A3AC5DE07E757AEF93F0

2020-07-10 06:45:59.956813-04:00
salt=00AFEDB77D550000
key=AA186DCF20DDAD8808B3AEBAE3AB43A946D38B99DDE7F96B0965F9EB59306767
iv =B65AFBF9DDFC4B2DAFF53826076F6C6A

2020-07-10 06:46:05.951759-04:00
salt=009FA25262550000
key=35850A7A3834517BF8C086775FD82C8C8B585E99F81150D175F2AE161FE8FE0C
iv =6D5769D405A3CAA2189976CFC66F47DA

2020-07-10 06:46:11.956947-04:00
salt=00EF0FCCAF550000
key=CFD0E7CF14A917B728C1ACD05C225D61C834B2C2BE3737DF88735B3E0266D662
iv =28DCA088883D0F6E2FE10375D254C116

2020-07-10 06:46:18.957671-04:00
salt=00CF3F4FA3550000
key=C2327433CDC75BB051BDE5E7B79664206E45A4188C4F6CA0D09F04F2DD57D641
iv =1DC308BEE9933A72725EEEE0C8C62120

2020-07-10 06:46:24.955766-04:00
salt=004F5A430F560000
key=9CAC1814E4F8ABF5A68C10ABC1BB6406275A9461673BAEF77A57EA74EAD9FE0B
iv =E4D096BAA043BBE0D0A4FA8A1E4BF285

2020-07-10 06:46:30.956662-04:00
salt=00CF27B71A560000
key=AFFEE6F2F633D169455AD671FBC1CC484F84D8A2C1914557ABBB419884F7DBF8
iv =2459C0A9720F9485C155EB9751904FF9

2020-07-10 06:46:36.956267-04:00
salt=001FD0A1C7550000
key=D2200B87720C527BA4EE5F9AA0959E2D1916E0151BDB98D665293DCE65ECACD6
iv =D4A6A6B7743E6AEC8F780B67E33705CF

2020-07-10 06:46:42.953951-04:00
salt=001F93BC41560000
key=3648D69F0AC6084277CE421F5BB62EEF0FEF0903FA45F694405ECBA59E0F0B90
iv =1233900AAAABF6CC6F94406D39D4367C

2020-07-10 06:46:48.956621-04:00
salt=00EFB31FB5550000
key=65056DDE880FD748F53D081CF1E41A63FF91233B5801BC9E203643EDE4F506BA
iv =AD1C53B6D0EF0D716AE14C5453833083

2020-07-10 06:46:54.956361-04:00
salt=00BFAAECF6550000
key=5990C9ABA745F85737D43E56E9C23A22F4605EB0370516F3849BF6D115F96D28
iv =02FE7BD6F7BBE0DC30F75C192B1348CB

2020-07-10 06:47:00.955371-04:00
salt=002F0B761B560000
key=F52EA6E41CA9D223E34890D6327842FFB727CA18E67A785388561FA4C5D6C394
iv =B5652F38B761EE349E770AC7D7FD929C

2020-07-10 06:47:06.956786-04:00
salt=00EFEB22AA550000
key=BDE1F8F26096C32629642427BC52EE1F5AF96DE34570ED4234DF9FA0798E85BA
iv =1BA94F542EBDE2C07F9851B962F8220E

2020-07-10 06:47:12.956386-04:00
salt=00DF321022560000
key=528064BB0E5C71529EC476CA605918E1A89FEE88F91D253E3C4A7CD3DA3FE51B
iv =995B634DF0650F8FE6311D1821BFFC37

