salt=CE967176CCE05822
key=A4E1C226D5E854A0B6D6F23F9096EE617DEF63771D51756E4A299AFA22BFF06D
iv =702EA1A9BE1F8A75789A5AC0CB966843
salt=911ACEC6F1FE0D85
key=A5DFEB4B9F87C200F6B76AB777B8DC55F23A4885198A17DBCAEE8EE0934CE5DF
iv =001F862622C7C9EE6BFDC6D7AB4B45FC
salt=5E1ECDB8555A22BC
key=B6DA874DADA896960C2D5B5B27125426523A1D57092E6C448BB00D2A314A33FA
iv =9E8CD33CC8BDEDB77F557CCFC072A560
salt=1CFC4462A6B837AA
key=FF481D09B765FDBB4AC36BADF087E240388E4C8638B15F751E1E82334B37E405
iv =F79A35886D654BE104D09BA4E1BE03C2
salt=F54620EE3881CAB0
key=8C4C327B709FDEB7730CCF67DC60FD1C9982D7624CADF8A8E46D75D621C0CB9B
iv =6B1CFF623747726455C26E5CC14B23E6
salt=8B5A9BDE95248BB5
key=1C654E5332973CFCFE03DA5F32CD3F765C373054A36E6138646D4E9023A039DF
iv =48B477843776BF6F01CC716875F94807
salt=9BC7DB9AE6D5EC91
key=E6B90070105687EF13A9AD60F0B450C30404B5255DE10338E57802C8CF759C4D
iv =52EF5FD643A73399BD693D0AE50DA0AC
salt=63FD1471F05FE0F3
key=5ECC06CB9A58E7911FB47638B40F32DEB79EC2A1BB8977E00E5914A23F681BA7
iv =8826FA2D82258F263DD06C7E74FFD815
salt=12FBEB700DE300C1
key=399262207DB94FA1D3F04C633D3C876E1BA41FF31719BE58B1BEF484BAD2773E
iv =B395C2D0BBC5D103660338EA4791543F
salt=40899E6152BEC167
key=14F87DB7DFB1AA2CE65347D18D05FB6B66EF8E28332A70E12E53FC28FC3D9765
iv =B375D591AB9AF0ABCAE9BF6DA588964B
salt=437927004C779931
key=DAAD8CDD52B9BE4918098D696F4D6D50EE38E906C905935098F974CA091F9A97
iv =9E1249922A9515CE92EC54A12AD2CF00
salt=CD797A9BB629B97E
key=4D4EC64EC7847E0B9B6562287C7F63385A74C1DDBA71DC6AF67053F7A99A5FDE
iv =EBF5F8AEAF1D7E4F394B5C676755CA1B
salt=BC177CD3217265A5
key=9C6FC3B0DC40DA21035902A493779A8A2FA8F9B4412AEA76D750A00EB4E6A395
iv =97930D25195869A919881C83BA655D8B
salt=A4DE5289D6824EDA
key=EF47BD424BE009BFAFA8804D61A0DED398BB91DFBA47232461604822A92CEB3E
iv =1A7AF769A7CD61989120398D8331F9A3
salt=BE9E5686147738A7
key=1FF82BD87BDDDDB01C1B7157624F564B25F5DEA55DEBB6C75267EB4F10FC4B9B
iv =42350E7D4C622D2A6583DD18043E528F
salt=2E534B7413552174
key=A8CCB0616425E237A4620F6716FC797798A73CFCED0E2EEBB729ED69B1E88BF2
iv =AB07A469F43FFE4AFCAA54D09D01874A
salt=795865751D97655A
key=B8261B69E07A4DC48A2ACC93964EFAAB312734CCD356F63AAF4B9A4A6A87131D
iv =2E4E85E805D35CFB2B63DFC5222DFF7D
salt=E0898088C1C9366D
key=0ECEDF6479E4B9B82E877391384137AB10463AA2F47687CC7816279E8A1D0C17
iv =0B968CF2DEBEAF154E175BD1FE6D6FBD
salt=19EBF1E4CF1E5689
key=512D443434FB67A4F07FA6D07E23ABE39AC61490698A67B8191D602CD1293797
iv =B46C507057B8E3BCB7304D5CBDA14E75
salt=C17DCDCBB77086FA
key=E26FDE080237ADDE36FCADF35A20EA2494BC108CA33D15CC4EA73B639B90E864
iv =5D6E1CF8D6AC788DAF381D70D4D3E6D3
